{"/home/larrystone/Documents/BC-26-More-Recipes/tests/0-middleware.js":{"path":"/home/larrystone/Documents/BC-26-More-Recipes/tests/0-middleware.js","statementMap":{"0":{"start":{"line":3,"column":12},"end":{"line":3,"column":27}},"1":{"start":{"line":5,"column":13},"end":{"line":5,"column":42}},"2":{"start":{"line":7,"column":16},"end":{"line":7,"column":36}},"3":{"start":{"line":9,"column":17},"end":{"line":9,"column":50}},"4":{"start":{"line":11,"column":18},"end":{"line":11,"column":62}},"5":{"start":{"line":13,"column":17},"end":{"line":13,"column":53}},"6":{"start":{"line":15,"column":11},"end":{"line":15,"column":37}},"7":{"start":{"line":17,"column":12},"end":{"line":17,"column":40}},"8":{"start":{"line":19,"column":40},"end":{"line":19,"column":267}},"9":{"start":{"line":19,"column":69},"end":{"line":19,"column":80}},"10":{"start":{"line":19,"column":103},"end":{"line":19,"column":105}},"11":{"start":{"line":19,"column":107},"end":{"line":19,"column":228}},"12":{"start":{"line":19,"column":126},"end":{"line":19,"column":226}},"13":{"start":{"line":19,"column":149},"end":{"line":19,"column":224}},"14":{"start":{"line":19,"column":201},"end":{"line":19,"column":224}},"15":{"start":{"line":19,"column":229},"end":{"line":19,"column":250}},"16":{"start":{"line":19,"column":251},"end":{"line":19,"column":265}},"17":{"start":{"line":21,"column":39},"end":{"line":21,"column":93}},"18":{"start":{"line":23,"column":19},"end":{"line":23,"column":43}},"19":{"start":{"line":25,"column":0},"end":{"line":25,"column":39}},"20":{"start":{"line":27,"column":0},"end":{"line":38,"column":3}},"21":{"start":{"line":28,"column":2},"end":{"line":37,"column":5}},"22":{"start":{"line":29,"column":4},"end":{"line":36,"column":7}},"23":{"start":{"line":30,"column":6},"end":{"line":30,"column":54}},"24":{"start":{"line":31,"column":6},"end":{"line":34,"column":9}},"25":{"start":{"line":35,"column":6},"end":{"line":35,"column":13}},"26":{"start":{"line":40,"column":0},"end":{"line":100,"column":3}},"27":{"start":{"line":41,"column":2},"end":{"line":49,"column":5}},"28":{"start":{"line":42,"column":4},"end":{"line":48,"column":7}},"29":{"start":{"line":43,"column":6},"end":{"line":43,"column":54}},"30":{"start":{"line":44,"column":6},"end":{"line":46,"column":35}},"31":{"start":{"line":47,"column":6},"end":{"line":47,"column":13}},"32":{"start":{"line":51,"column":2},"end":{"line":59,"column":5}},"33":{"start":{"line":52,"column":4},"end":{"line":58,"column":7}},"34":{"start":{"line":53,"column":6},"end":{"line":53,"column":54}},"35":{"start":{"line":54,"column":6},"end":{"line":56,"column":35}},"36":{"start":{"line":57,"column":6},"end":{"line":57,"column":13}},"37":{"start":{"line":61,"column":2},"end":{"line":69,"column":5}},"38":{"start":{"line":62,"column":4},"end":{"line":68,"column":7}},"39":{"start":{"line":63,"column":6},"end":{"line":63,"column":54}},"40":{"start":{"line":64,"column":6},"end":{"line":66,"column":35}},"41":{"start":{"line":67,"column":6},"end":{"line":67,"column":13}},"42":{"start":{"line":71,"column":2},"end":{"line":79,"column":5}},"43":{"start":{"line":72,"column":4},"end":{"line":78,"column":7}},"44":{"start":{"line":73,"column":6},"end":{"line":73,"column":54}},"45":{"start":{"line":74,"column":6},"end":{"line":76,"column":35}},"46":{"start":{"line":77,"column":6},"end":{"line":77,"column":13}},"47":{"start":{"line":81,"column":2},"end":{"line":89,"column":5}},"48":{"start":{"line":82,"column":4},"end":{"line":88,"column":7}},"49":{"start":{"line":83,"column":6},"end":{"line":83,"column":54}},"50":{"start":{"line":84,"column":6},"end":{"line":86,"column":35}},"51":{"start":{"line":87,"column":6},"end":{"line":87,"column":13}},"52":{"start":{"line":91,"column":2},"end":{"line":99,"column":5}},"53":{"start":{"line":92,"column":4},"end":{"line":98,"column":7}},"54":{"start":{"line":93,"column":6},"end":{"line":93,"column":54}},"55":{"start":{"line":94,"column":6},"end":{"line":96,"column":35}},"56":{"start":{"line":97,"column":6},"end":{"line":97,"column":13}},"57":{"start":{"line":102,"column":0},"end":{"line":188,"column":3}},"58":{"start":{"line":103,"column":2},"end":{"line":111,"column":5}},"59":{"start":{"line":104,"column":4},"end":{"line":110,"column":7}},"60":{"start":{"line":105,"column":6},"end":{"line":105,"column":54}},"61":{"start":{"line":106,"column":6},"end":{"line":108,"column":41}},"62":{"start":{"line":109,"column":6},"end":{"line":109,"column":13}},"63":{"start":{"line":113,"column":2},"end":{"line":121,"column":5}},"64":{"start":{"line":114,"column":4},"end":{"line":120,"column":7}},"65":{"start":{"line":115,"column":6},"end":{"line":115,"column":54}},"66":{"start":{"line":116,"column":6},"end":{"line":118,"column":41}},"67":{"start":{"line":119,"column":6},"end":{"line":119,"column":13}},"68":{"start":{"line":123,"column":2},"end":{"line":131,"column":5}},"69":{"start":{"line":124,"column":4},"end":{"line":130,"column":7}},"70":{"start":{"line":125,"column":6},"end":{"line":125,"column":54}},"71":{"start":{"line":126,"column":6},"end":{"line":128,"column":41}},"72":{"start":{"line":129,"column":6},"end":{"line":129,"column":13}},"73":{"start":{"line":133,"column":2},"end":{"line":141,"column":5}},"74":{"start":{"line":134,"column":4},"end":{"line":140,"column":7}},"75":{"start":{"line":135,"column":6},"end":{"line":135,"column":54}},"76":{"start":{"line":136,"column":6},"end":{"line":138,"column":41}},"77":{"start":{"line":139,"column":6},"end":{"line":139,"column":13}},"78":{"start":{"line":143,"column":2},"end":{"line":151,"column":5}},"79":{"start":{"line":144,"column":4},"end":{"line":150,"column":7}},"80":{"start":{"line":145,"column":6},"end":{"line":145,"column":54}},"81":{"start":{"line":146,"column":6},"end":{"line":148,"column":41}},"82":{"start":{"line":149,"column":6},"end":{"line":149,"column":13}},"83":{"start":{"line":153,"column":2},"end":{"line":161,"column":5}},"84":{"start":{"line":154,"column":4},"end":{"line":160,"column":7}},"85":{"start":{"line":155,"column":6},"end":{"line":155,"column":54}},"86":{"start":{"line":156,"column":6},"end":{"line":158,"column":41}},"87":{"start":{"line":159,"column":6},"end":{"line":159,"column":13}},"88":{"start":{"line":163,"column":2},"end":{"line":174,"column":5}},"89":{"start":{"line":164,"column":4},"end":{"line":173,"column":7}},"90":{"start":{"line":168,"column":6},"end":{"line":168,"column":54}},"91":{"start":{"line":169,"column":6},"end":{"line":171,"column":52}},"92":{"start":{"line":172,"column":6},"end":{"line":172,"column":13}},"93":{"start":{"line":176,"column":2},"end":{"line":187,"column":5}},"94":{"start":{"line":177,"column":4},"end":{"line":186,"column":7}},"95":{"start":{"line":181,"column":6},"end":{"line":181,"column":54}},"96":{"start":{"line":182,"column":6},"end":{"line":184,"column":52}},"97":{"start":{"line":185,"column":6},"end":{"line":185,"column":13}},"98":{"start":{"line":190,"column":0},"end":{"line":200,"column":3}},"99":{"start":{"line":191,"column":17},"end":{"line":191,"column":29}},"100":{"start":{"line":192,"column":13},"end":{"line":192,"column":48}},"101":{"start":{"line":193,"column":2},"end":{"line":195,"column":5}},"102":{"start":{"line":194,"column":4},"end":{"line":194,"column":78}},"103":{"start":{"line":197,"column":2},"end":{"line":199,"column":5}},"104":{"start":{"line":198,"column":4},"end":{"line":198,"column":83}}},"fnMap":{"0":{"name":"_interopRequireWildcard","decl":{"start":{"line":19,"column":9},"end":{"line":19,"column":32}},"loc":{"start":{"line":19,"column":38},"end":{"line":19,"column":269}},"line":19},"1":{"name":"_interopRequireDefault","decl":{"start":{"line":21,"column":9},"end":{"line":21,"column":31}},"loc":{"start":{"line":21,"column":37},"end":{"line":21,"column":95}},"line":21},"2":{"name":"(anonymous_2)","decl":{"start":{"line":27,"column":27},"end":{"line":27,"column":28}},"loc":{"start":{"line":27,"column":39},"end":{"line":38,"column":1}},"line":27},"3":{"name":"(anonymous_3)","decl":{"start":{"line":28,"column":84},"end":{"line":28,"column":85}},"loc":{"start":{"line":28,"column":100},"end":{"line":37,"column":3}},"line":28},"4":{"name":"(anonymous_4)","decl":{"start":{"line":29,"column":55},"end":{"line":29,"column":56}},"loc":{"start":{"line":29,"column":75},"end":{"line":36,"column":5}},"line":29},"5":{"name":"(anonymous_5)","decl":{"start":{"line":40,"column":26},"end":{"line":40,"column":27}},"loc":{"start":{"line":40,"column":38},"end":{"line":100,"column":1}},"line":40},"6":{"name":"(anonymous_6)","decl":{"start":{"line":41,"column":50},"end":{"line":41,"column":51}},"loc":{"start":{"line":41,"column":66},"end":{"line":49,"column":3}},"line":41},"7":{"name":"(anonymous_7)","decl":{"start":{"line":42,"column":58},"end":{"line":42,"column":59}},"loc":{"start":{"line":42,"column":78},"end":{"line":48,"column":5}},"line":42},"8":{"name":"(anonymous_8)","decl":{"start":{"line":51,"column":52},"end":{"line":51,"column":53}},"loc":{"start":{"line":51,"column":68},"end":{"line":59,"column":3}},"line":51},"9":{"name":"(anonymous_9)","decl":{"start":{"line":52,"column":60},"end":{"line":52,"column":61}},"loc":{"start":{"line":52,"column":80},"end":{"line":58,"column":5}},"line":52},"10":{"name":"(anonymous_10)","decl":{"start":{"line":61,"column":52},"end":{"line":61,"column":53}},"loc":{"start":{"line":61,"column":68},"end":{"line":69,"column":3}},"line":61},"11":{"name":"(anonymous_11)","decl":{"start":{"line":62,"column":60},"end":{"line":62,"column":61}},"loc":{"start":{"line":62,"column":80},"end":{"line":68,"column":5}},"line":62},"12":{"name":"(anonymous_12)","decl":{"start":{"line":71,"column":59},"end":{"line":71,"column":60}},"loc":{"start":{"line":71,"column":75},"end":{"line":79,"column":3}},"line":71},"13":{"name":"(anonymous_13)","decl":{"start":{"line":72,"column":67},"end":{"line":72,"column":68}},"loc":{"start":{"line":72,"column":87},"end":{"line":78,"column":5}},"line":72},"14":{"name":"(anonymous_14)","decl":{"start":{"line":81,"column":65},"end":{"line":81,"column":66}},"loc":{"start":{"line":81,"column":81},"end":{"line":89,"column":3}},"line":81},"15":{"name":"(anonymous_15)","decl":{"start":{"line":82,"column":73},"end":{"line":82,"column":74}},"loc":{"start":{"line":82,"column":93},"end":{"line":88,"column":5}},"line":82},"16":{"name":"(anonymous_16)","decl":{"start":{"line":91,"column":66},"end":{"line":91,"column":67}},"loc":{"start":{"line":91,"column":82},"end":{"line":99,"column":3}},"line":91},"17":{"name":"(anonymous_17)","decl":{"start":{"line":92,"column":74},"end":{"line":92,"column":75}},"loc":{"start":{"line":92,"column":94},"end":{"line":98,"column":5}},"line":92},"18":{"name":"(anonymous_18)","decl":{"start":{"line":102,"column":47},"end":{"line":102,"column":48}},"loc":{"start":{"line":102,"column":59},"end":{"line":188,"column":1}},"line":102},"19":{"name":"(anonymous_19)","decl":{"start":{"line":103,"column":68},"end":{"line":103,"column":69}},"loc":{"start":{"line":103,"column":84},"end":{"line":111,"column":3}},"line":103},"20":{"name":"(anonymous_20)","decl":{"start":{"line":104,"column":70},"end":{"line":104,"column":71}},"loc":{"start":{"line":104,"column":90},"end":{"line":110,"column":5}},"line":104},"21":{"name":"(anonymous_21)","decl":{"start":{"line":113,"column":79},"end":{"line":113,"column":80}},"loc":{"start":{"line":113,"column":95},"end":{"line":121,"column":3}},"line":113},"22":{"name":"(anonymous_22)","decl":{"start":{"line":114,"column":76},"end":{"line":114,"column":77}},"loc":{"start":{"line":114,"column":96},"end":{"line":120,"column":5}},"line":114},"23":{"name":"(anonymous_23)","decl":{"start":{"line":123,"column":83},"end":{"line":123,"column":84}},"loc":{"start":{"line":123,"column":99},"end":{"line":131,"column":3}},"line":123},"24":{"name":"(anonymous_24)","decl":{"start":{"line":124,"column":80},"end":{"line":124,"column":81}},"loc":{"start":{"line":124,"column":100},"end":{"line":130,"column":5}},"line":124},"25":{"name":"(anonymous_25)","decl":{"start":{"line":133,"column":85},"end":{"line":133,"column":86}},"loc":{"start":{"line":133,"column":101},"end":{"line":141,"column":3}},"line":133},"26":{"name":"(anonymous_26)","decl":{"start":{"line":134,"column":82},"end":{"line":134,"column":83}},"loc":{"start":{"line":134,"column":102},"end":{"line":140,"column":5}},"line":134},"27":{"name":"(anonymous_27)","decl":{"start":{"line":143,"column":74},"end":{"line":143,"column":75}},"loc":{"start":{"line":143,"column":90},"end":{"line":151,"column":3}},"line":143},"28":{"name":"(anonymous_28)","decl":{"start":{"line":144,"column":71},"end":{"line":144,"column":72}},"loc":{"start":{"line":144,"column":91},"end":{"line":150,"column":5}},"line":144},"29":{"name":"(anonymous_29)","decl":{"start":{"line":153,"column":77},"end":{"line":153,"column":78}},"loc":{"start":{"line":153,"column":93},"end":{"line":161,"column":3}},"line":153},"30":{"name":"(anonymous_30)","decl":{"start":{"line":154,"column":74},"end":{"line":154,"column":75}},"loc":{"start":{"line":154,"column":94},"end":{"line":160,"column":5}},"line":154},"31":{"name":"(anonymous_31)","decl":{"start":{"line":163,"column":84},"end":{"line":163,"column":85}},"loc":{"start":{"line":163,"column":100},"end":{"line":174,"column":3}},"line":163},"32":{"name":"(anonymous_32)","decl":{"start":{"line":167,"column":11},"end":{"line":167,"column":12}},"loc":{"start":{"line":167,"column":31},"end":{"line":173,"column":5}},"line":167},"33":{"name":"(anonymous_33)","decl":{"start":{"line":176,"column":93},"end":{"line":176,"column":94}},"loc":{"start":{"line":176,"column":109},"end":{"line":187,"column":3}},"line":176},"34":{"name":"(anonymous_34)","decl":{"start":{"line":180,"column":11},"end":{"line":180,"column":12}},"loc":{"start":{"line":180,"column":31},"end":{"line":186,"column":5}},"line":180},"35":{"name":"(anonymous_35)","decl":{"start":{"line":190,"column":52},"end":{"line":190,"column":53}},"loc":{"start":{"line":190,"column":64},"end":{"line":200,"column":1}},"line":190},"36":{"name":"(anonymous_36)","decl":{"start":{"line":193,"column":41},"end":{"line":193,"column":42}},"loc":{"start":{"line":193,"column":53},"end":{"line":195,"column":3}},"line":193},"37":{"name":"(anonymous_37)","decl":{"start":{"line":197,"column":46},"end":{"line":197,"column":47}},"loc":{"start":{"line":197,"column":58},"end":{"line":199,"column":3}},"line":197}},"branchMap":{"0":{"loc":{"start":{"line":19,"column":40},"end":{"line":19,"column":267}},"type":"if","locations":[{"start":{"line":19,"column":40},"end":{"line":19,"column":267}},{"start":{"line":19,"column":40},"end":{"line":19,"column":267}}],"line":19},"1":{"loc":{"start":{"line":19,"column":44},"end":{"line":19,"column":65}},"type":"binary-expr","locations":[{"start":{"line":19,"column":44},"end":{"line":19,"column":47}},{"start":{"line":19,"column":51},"end":{"line":19,"column":65}}],"line":19},"2":{"loc":{"start":{"line":19,"column":107},"end":{"line":19,"column":228}},"type":"if","locations":[{"start":{"line":19,"column":107},"end":{"line":19,"column":228}},{"start":{"line":19,"column":107},"end":{"line":19,"column":228}}],"line":19},"3":{"loc":{"start":{"line":19,"column":149},"end":{"line":19,"column":224}},"type":"if","locations":[{"start":{"line":19,"column":149},"end":{"line":19,"column":224}},{"start":{"line":19,"column":149},"end":{"line":19,"column":224}}],"line":19},"4":{"loc":{"start":{"line":21,"column":46},"end":{"line":21,"column":92}},"type":"cond-expr","locations":[{"start":{"line":21,"column":70},"end":{"line":21,"column":73}},{"start":{"line":21,"column":76},"end":{"line":21,"column":92}}],"line":21},"5":{"loc":{"start":{"line":21,"column":46},"end":{"line":21,"column":67}},"type":"binary-expr","locations":[{"start":{"line":21,"column":46},"end":{"line":21,"column":49}},{"start":{"line":21,"column":53},"end":{"line":21,"column":67}}],"line":21}},"s":{"0":1,"1":1,"2":1,"3":1,"4":1,"5":1,"6":1,"7":1,"8":1,"9":1,"10":0,"11":0,"12":0,"13":0,"14":0,"15":0,"16":0,"17":3,"18":1,"19":1,"20":1,"21":1,"22":1,"23":1,"24":1,"25":1,"26":1,"27":1,"28":1,"29":1,"30":1,"31":1,"32":1,"33":1,"34":1,"35":1,"36":1,"37":1,"38":1,"39":1,"40":1,"41":1,"42":1,"43":1,"44":1,"45":1,"46":1,"47":1,"48":1,"49":1,"50":1,"51":1,"52":1,"53":1,"54":1,"55":1,"56":1,"57":1,"58":1,"59":1,"60":1,"61":1,"62":1,"63":1,"64":1,"65":1,"66":1,"67":1,"68":1,"69":1,"70":1,"71":1,"72":1,"73":1,"74":1,"75":1,"76":1,"77":1,"78":1,"79":1,"80":1,"81":1,"82":1,"83":1,"84":1,"85":1,"86":1,"87":1,"88":1,"89":1,"90":1,"91":1,"92":1,"93":1,"94":1,"95":1,"96":1,"97":1,"98":1,"99":1,"100":1,"101":1,"102":1,"103":1,"104":1},"f":{"0":1,"1":3,"2":1,"3":1,"4":1,"5":1,"6":1,"7":1,"8":1,"9":1,"10":1,"11":1,"12":1,"13":1,"14":1,"15":1,"16":1,"17":1,"18":1,"19":1,"20":1,"21":1,"22":1,"23":1,"24":1,"25":1,"26":1,"27":1,"28":1,"29":1,"30":1,"31":1,"32":1,"33":1,"34":1,"35":1,"36":1,"37":1},"b":{"0":[1,0],"1":[1,1],"2":[0,0],"3":[0,0],"4":[1,2],"5":[3,3]},"_coverageSchema":"332fd63041d2c1bcb487cc26dd0d5f7d97098a6c","hash":"ee5df0b37bb597255222d73bd7b743d69c864ec2","contentHash":"ad1c08145bb3e24b79de413c71d993ec_11.1.0"},"/home/larrystone/Documents/BC-26-More-Recipes/server/middleware/encryption.js":{"path":"/home/larrystone/Documents/BC-26-More-Recipes/server/middleware/encryption.js","statementMap":{"0":{"start":{"line":3,"column":0},"end":{"line":5,"column":3}},"1":{"start":{"line":7,"column":19},"end":{"line":7,"column":563}},"2":{"start":{"line":7,"column":76},"end":{"line":7,"column":347}},"3":{"start":{"line":7,"column":134},"end":{"line":7,"column":142}},"4":{"start":{"line":7,"column":144},"end":{"line":7,"column":199}},"5":{"start":{"line":7,"column":200},"end":{"line":7,"column":231}},"6":{"start":{"line":7,"column":232},"end":{"line":7,"column":286}},"7":{"start":{"line":7,"column":259},"end":{"line":7,"column":286}},"8":{"start":{"line":7,"column":287},"end":{"line":7,"column":345}},"9":{"start":{"line":7,"column":350},"end":{"line":7,"column":559}},"10":{"start":{"line":7,"column":407},"end":{"line":7,"column":475}},"11":{"start":{"line":7,"column":423},"end":{"line":7,"column":475}},"12":{"start":{"line":7,"column":476},"end":{"line":7,"column":536}},"13":{"start":{"line":7,"column":493},"end":{"line":7,"column":536}},"14":{"start":{"line":7,"column":537},"end":{"line":7,"column":556}},"15":{"start":{"line":9,"column":14},"end":{"line":9,"column":31}},"16":{"start":{"line":11,"column":15},"end":{"line":11,"column":46}},"17":{"start":{"line":13,"column":39},"end":{"line":13,"column":93}},"18":{"start":{"line":15,"column":50},"end":{"line":15,"column":151}},"19":{"start":{"line":15,"column":92},"end":{"line":15,"column":149}},"20":{"start":{"line":23,"column":17},"end":{"line":59,"column":3}},"21":{"start":{"line":25,"column":4},"end":{"line":25,"column":38}},"22":{"start":{"line":28,"column":2},"end":{"line":56,"column":6}},"23":{"start":{"line":37,"column":6},"end":{"line":37,"column":51}},"24":{"start":{"line":38,"column":17},"end":{"line":38,"column":63}},"25":{"start":{"line":40,"column":6},"end":{"line":40,"column":18}},"26":{"start":{"line":53,"column":6},"end":{"line":53,"column":65}},"27":{"start":{"line":54,"column":6},"end":{"line":54,"column":25}},"28":{"start":{"line":58,"column":2},"end":{"line":58,"column":20}},"29":{"start":{"line":61,"column":0},"end":{"line":61,"column":29}}},"fnMap":{"0":{"name":"(anonymous_0)","decl":{"start":{"line":7,"column":19},"end":{"line":7,"column":20}},"loc":{"start":{"line":7,"column":31},"end":{"line":7,"column":561}},"line":7},"1":{"name":"defineProperties","decl":{"start":{"line":7,"column":42},"end":{"line":7,"column":58}},"loc":{"start":{"line":7,"column":74},"end":{"line":7,"column":349}},"line":7},"2":{"name":"(anonymous_2)","decl":{"start":{"line":7,"column":357},"end":{"line":7,"column":358}},"loc":{"start":{"line":7,"column":405},"end":{"line":7,"column":558}},"line":7},"3":{"name":"_interopRequireDefault","decl":{"start":{"line":13,"column":9},"end":{"line":13,"column":31}},"loc":{"start":{"line":13,"column":37},"end":{"line":13,"column":95}},"line":13},"4":{"name":"_classCallCheck","decl":{"start":{"line":15,"column":9},"end":{"line":15,"column":24}},"loc":{"start":{"line":15,"column":48},"end":{"line":15,"column":153}},"line":15},"5":{"name":"(anonymous_5)","decl":{"start":{"line":23,"column":17},"end":{"line":23,"column":18}},"loc":{"start":{"line":23,"column":29},"end":{"line":59,"column":1}},"line":23},"6":{"name":"Encryption","decl":{"start":{"line":24,"column":11},"end":{"line":24,"column":21}},"loc":{"start":{"line":24,"column":24},"end":{"line":26,"column":3}},"line":24},"7":{"name":"generateHash","decl":{"start":{"line":36,"column":20},"end":{"line":36,"column":32}},"loc":{"start":{"line":36,"column":43},"end":{"line":41,"column":5}},"line":36},"8":{"name":"verifyHash","decl":{"start":{"line":52,"column":20},"end":{"line":52,"column":30}},"loc":{"start":{"line":52,"column":47},"end":{"line":55,"column":5}},"line":52}},"branchMap":{"0":{"loc":{"start":{"line":7,"column":168},"end":{"line":7,"column":198}},"type":"binary-expr","locations":[{"start":{"line":7,"column":168},"end":{"line":7,"column":189}},{"start":{"line":7,"column":193},"end":{"line":7,"column":198}}],"line":7},"1":{"loc":{"start":{"line":7,"column":232},"end":{"line":7,"column":286}},"type":"if","locations":[{"start":{"line":7,"column":232},"end":{"line":7,"column":286}},{"start":{"line":7,"column":232},"end":{"line":7,"column":286}}],"line":7},"2":{"loc":{"start":{"line":7,"column":407},"end":{"line":7,"column":475}},"type":"if","locations":[{"start":{"line":7,"column":407},"end":{"line":7,"column":475}},{"start":{"line":7,"column":407},"end":{"line":7,"column":475}}],"line":7},"3":{"loc":{"start":{"line":7,"column":476},"end":{"line":7,"column":536}},"type":"if","locations":[{"start":{"line":7,"column":476},"end":{"line":7,"column":536}},{"start":{"line":7,"column":476},"end":{"line":7,"column":536}}],"line":7},"4":{"loc":{"start":{"line":13,"column":46},"end":{"line":13,"column":92}},"type":"cond-expr","locations":[{"start":{"line":13,"column":70},"end":{"line":13,"column":73}},{"start":{"line":13,"column":76},"end":{"line":13,"column":92}}],"line":13},"5":{"loc":{"start":{"line":13,"column":46},"end":{"line":13,"column":67}},"type":"binary-expr","locations":[{"start":{"line":13,"column":46},"end":{"line":13,"column":49}},{"start":{"line":13,"column":53},"end":{"line":13,"column":67}}],"line":13},"6":{"loc":{"start":{"line":15,"column":50},"end":{"line":15,"column":151}},"type":"if","locations":[{"start":{"line":15,"column":50},"end":{"line":15,"column":151}},{"start":{"line":15,"column":50},"end":{"line":15,"column":151}}],"line":15}},"s":{"0":1,"1":1,"2":1,"3":2,"4":2,"5":2,"6":2,"7":2,"8":2,"9":1,"10":1,"11":1,"12":1,"13":0,"14":1,"15":1,"16":1,"17":1,"18":2,"19":0,"20":1,"21":2,"22":1,"23":8,"24":8,"25":8,"26":7,"27":7,"28":1,"29":1},"f":{"0":1,"1":1,"2":1,"3":1,"4":2,"5":1,"6":2,"7":8,"8":7},"b":{"0":[2,2],"1":[2,0],"2":[1,0],"3":[0,1],"4":[0,1],"5":[1,1],"6":[0,2]},"_coverageSchema":"332fd63041d2c1bcb487cc26dd0d5f7d97098a6c","hash":"d0b2955e56c8035d7ba686261e793f96dd2ebdc6","contentHash":"e06f782ed33a982ff0d727337c53b0b9_11.1.0"},"/home/larrystone/Documents/BC-26-More-Recipes/server/app.js":{"path":"/home/larrystone/Documents/BC-26-More-Recipes/server/app.js","statementMap":{"0":{"start":{"line":3,"column":0},"end":{"line":5,"column":3}},"1":{"start":{"line":7,"column":15},"end":{"line":7,"column":33}},"2":{"start":{"line":9,"column":16},"end":{"line":9,"column":48}},"3":{"start":{"line":11,"column":14},"end":{"line":11,"column":31}},"4":{"start":{"line":13,"column":15},"end":{"line":13,"column":46}},"5":{"start":{"line":15,"column":18},"end":{"line":15,"column":40}},"6":{"start":{"line":17,"column":19},"end":{"line":17,"column":54}},"7":{"start":{"line":19,"column":14},"end":{"line":19,"column":33}},"8":{"start":{"line":21,"column":15},"end":{"line":21,"column":46}},"9":{"start":{"line":23,"column":39},"end":{"line":23,"column":93}},"10":{"start":{"line":25,"column":10},"end":{"line":25,"column":34}},"11":{"start":{"line":26,"column":11},"end":{"line":26,"column":35}},"12":{"start":{"line":28,"column":0},"end":{"line":28,"column":38}},"13":{"start":{"line":29,"column":0},"end":{"line":29,"column":61}},"14":{"start":{"line":30,"column":0},"end":{"line":30,"column":37}},"15":{"start":{"line":32,"column":0},"end":{"line":32,"column":37}},"16":{"start":{"line":34,"column":0},"end":{"line":37,"column":3}},"17":{"start":{"line":35,"column":2},"end":{"line":36,"column":71}},"18":{"start":{"line":39,"column":0},"end":{"line":43,"column":3}},"19":{"start":{"line":40,"column":2},"end":{"line":42,"column":31}},"20":{"start":{"line":45,"column":0},"end":{"line":49,"column":3}},"21":{"start":{"line":46,"column":2},"end":{"line":48,"column":31}},"22":{"start":{"line":51,"column":0},"end":{"line":51,"column":33}},"23":{"start":{"line":53,"column":0},"end":{"line":53,"column":22}}},"fnMap":{"0":{"name":"_interopRequireDefault","decl":{"start":{"line":23,"column":9},"end":{"line":23,"column":31}},"loc":{"start":{"line":23,"column":37},"end":{"line":23,"column":95}},"line":23},"1":{"name":"(anonymous_1)","decl":{"start":{"line":34,"column":13},"end":{"line":34,"column":14}},"loc":{"start":{"line":34,"column":33},"end":{"line":37,"column":1}},"line":34},"2":{"name":"(anonymous_2)","decl":{"start":{"line":39,"column":13},"end":{"line":39,"column":14}},"loc":{"start":{"line":39,"column":33},"end":{"line":43,"column":1}},"line":39},"3":{"name":"(anonymous_3)","decl":{"start":{"line":45,"column":14},"end":{"line":45,"column":15}},"loc":{"start":{"line":45,"column":34},"end":{"line":49,"column":1}},"line":45},"4":{"name":"(anonymous_4)","decl":{"start":{"line":51,"column":17},"end":{"line":51,"column":18}},"loc":{"start":{"line":51,"column":29},"end":{"line":51,"column":31}},"line":51}},"branchMap":{"0":{"loc":{"start":{"line":23,"column":46},"end":{"line":23,"column":92}},"type":"cond-expr","locations":[{"start":{"line":23,"column":70},"end":{"line":23,"column":73}},{"start":{"line":23,"column":76},"end":{"line":23,"column":92}}],"line":23},"1":{"loc":{"start":{"line":23,"column":46},"end":{"line":23,"column":67}},"type":"binary-expr","locations":[{"start":{"line":23,"column":46},"end":{"line":23,"column":49}},{"start":{"line":23,"column":53},"end":{"line":23,"column":67}}],"line":23},"2":{"loc":{"start":{"line":26,"column":11},"end":{"line":26,"column":35}},"type":"binary-expr","locations":[{"start":{"line":26,"column":11},"end":{"line":26,"column":27}},{"start":{"line":26,"column":31},"end":{"line":26,"column":35}}],"line":26}},"s":{"0":1,"1":1,"2":1,"3":1,"4":1,"5":1,"6":1,"7":1,"8":1,"9":4,"10":1,"11":1,"12":1,"13":1,"14":1,"15":1,"16":1,"17":1,"18":1,"19":3,"20":1,"21":3,"22":1,"23":1},"f":{"0":4,"1":1,"2":3,"3":3,"4":1},"b":{"0":[1,3],"1":[4,4],"2":[1,1]},"_coverageSchema":"332fd63041d2c1bcb487cc26dd0d5f7d97098a6c","hash":"e6069ba6b812240be527c96937e9867fab128e23","contentHash":"d3ba54f9dd7647e3a255212712852d4e_11.1.0"},"/home/larrystone/Documents/BC-26-More-Recipes/server/routes/index.js":{"path":"/home/larrystone/Documents/BC-26-More-Recipes/server/routes/index.js","statementMap":{"0":{"start":{"line":3,"column":0},"end":{"line":5,"column":3}},"1":{"start":{"line":7,"column":15},"end":{"line":7,"column":33}},"2":{"start":{"line":9,"column":16},"end":{"line":9,"column":48}},"3":{"start":{"line":11,"column":13},"end":{"line":11,"column":31}},"4":{"start":{"line":13,"column":14},"end":{"line":13,"column":44}},"5":{"start":{"line":15,"column":15},"end":{"line":15,"column":35}},"6":{"start":{"line":17,"column":16},"end":{"line":17,"column":48}},"7":{"start":{"line":19,"column":39},"end":{"line":19,"column":93}},"8":{"start":{"line":21,"column":13},"end":{"line":21,"column":39}},"9":{"start":{"line":23,"column":0},"end":{"line":23,"column":38}},"10":{"start":{"line":25,"column":0},"end":{"line":25,"column":42}},"11":{"start":{"line":27,"column":0},"end":{"line":27,"column":25}}},"fnMap":{"0":{"name":"_interopRequireDefault","decl":{"start":{"line":19,"column":9},"end":{"line":19,"column":31}},"loc":{"start":{"line":19,"column":37},"end":{"line":19,"column":95}},"line":19}},"branchMap":{"0":{"loc":{"start":{"line":19,"column":46},"end":{"line":19,"column":92}},"type":"cond-expr","locations":[{"start":{"line":19,"column":70},"end":{"line":19,"column":73}},{"start":{"line":19,"column":76},"end":{"line":19,"column":92}}],"line":19},"1":{"loc":{"start":{"line":19,"column":46},"end":{"line":19,"column":67}},"type":"binary-expr","locations":[{"start":{"line":19,"column":46},"end":{"line":19,"column":49}},{"start":{"line":19,"column":53},"end":{"line":19,"column":67}}],"line":19}},"s":{"0":1,"1":1,"2":1,"3":1,"4":1,"5":1,"6":1,"7":3,"8":1,"9":1,"10":1,"11":1},"f":{"0":3},"b":{"0":[2,1],"1":[3,3]},"_coverageSchema":"332fd63041d2c1bcb487cc26dd0d5f7d97098a6c","hash":"994c6fc9c7a12e810303c3bbec5db2435be2fbb8","contentHash":"e45f9773d1d87d72be2dc34054ebb535_11.1.0"},"/home/larrystone/Documents/BC-26-More-Recipes/server/routes/users/index.js":{"path":"/home/larrystone/Documents/BC-26-More-Recipes/server/routes/users/index.js","statementMap":{"0":{"start":{"line":3,"column":0},"end":{"line":5,"column":3}},"1":{"start":{"line":7,"column":15},"end":{"line":7,"column":33}},"2":{"start":{"line":9,"column":16},"end":{"line":9,"column":48}},"3":{"start":{"line":11,"column":13},"end":{"line":11,"column":47}},"4":{"start":{"line":13,"column":11},"end":{"line":13,"column":42}},"5":{"start":{"line":15,"column":15},"end":{"line":15,"column":51}},"6":{"start":{"line":17,"column":13},"end":{"line":17,"column":46}},"7":{"start":{"line":19,"column":17},"end":{"line":19,"column":55}},"8":{"start":{"line":21,"column":15},"end":{"line":21,"column":50}},"9":{"start":{"line":23,"column":12},"end":{"line":23,"column":44}},"10":{"start":{"line":25,"column":11},"end":{"line":25,"column":41}},"11":{"start":{"line":27,"column":40},"end":{"line":27,"column":267}},"12":{"start":{"line":27,"column":69},"end":{"line":27,"column":80}},"13":{"start":{"line":27,"column":103},"end":{"line":27,"column":105}},"14":{"start":{"line":27,"column":107},"end":{"line":27,"column":228}},"15":{"start":{"line":27,"column":126},"end":{"line":27,"column":226}},"16":{"start":{"line":27,"column":149},"end":{"line":27,"column":224}},"17":{"start":{"line":27,"column":201},"end":{"line":27,"column":224}},"18":{"start":{"line":27,"column":229},"end":{"line":27,"column":250}},"19":{"start":{"line":27,"column":251},"end":{"line":27,"column":265}},"20":{"start":{"line":29,"column":39},"end":{"line":29,"column":93}},"21":{"start":{"line":31,"column":11},"end":{"line":31,"column":37}},"22":{"start":{"line":33,"column":14},"end":{"line":33,"column":32}},"23":{"start":{"line":34,"column":16},"end":{"line":34,"column":36}},"24":{"start":{"line":35,"column":18},"end":{"line":35,"column":40}},"25":{"start":{"line":36,"column":14},"end":{"line":36,"column":32}},"26":{"start":{"line":38,"column":0},"end":{"line":38,"column":37}},"27":{"start":{"line":39,"column":0},"end":{"line":39,"column":37}},"28":{"start":{"line":41,"column":0},"end":{"line":41,"column":30}},"29":{"start":{"line":42,"column":0},"end":{"line":42,"column":49}},"30":{"start":{"line":44,"column":0},"end":{"line":44,"column":113}},"31":{"start":{"line":46,"column":0},"end":{"line":46,"column":56}},"32":{"start":{"line":48,"column":0},"end":{"line":48,"column":23}}},"fnMap":{"0":{"name":"_interopRequireWildcard","decl":{"start":{"line":27,"column":9},"end":{"line":27,"column":32}},"loc":{"start":{"line":27,"column":38},"end":{"line":27,"column":269}},"line":27},"1":{"name":"_interopRequireDefault","decl":{"start":{"line":29,"column":9},"end":{"line":29,"column":31}},"loc":{"start":{"line":29,"column":37},"end":{"line":29,"column":95}},"line":29}},"branchMap":{"0":{"loc":{"start":{"line":27,"column":40},"end":{"line":27,"column":267}},"type":"if","locations":[{"start":{"line":27,"column":40},"end":{"line":27,"column":267}},{"start":{"line":27,"column":40},"end":{"line":27,"column":267}}],"line":27},"1":{"loc":{"start":{"line":27,"column":44},"end":{"line":27,"column":65}},"type":"binary-expr","locations":[{"start":{"line":27,"column":44},"end":{"line":27,"column":47}},{"start":{"line":27,"column":51},"end":{"line":27,"column":65}}],"line":27},"2":{"loc":{"start":{"line":27,"column":107},"end":{"line":27,"column":228}},"type":"if","locations":[{"start":{"line":27,"column":107},"end":{"line":27,"column":228}},{"start":{"line":27,"column":107},"end":{"line":27,"column":228}}],"line":27},"3":{"loc":{"start":{"line":27,"column":149},"end":{"line":27,"column":224}},"type":"if","locations":[{"start":{"line":27,"column":149},"end":{"line":27,"column":224}},{"start":{"line":27,"column":149},"end":{"line":27,"column":224}}],"line":27},"4":{"loc":{"start":{"line":29,"column":46},"end":{"line":29,"column":92}},"type":"cond-expr","locations":[{"start":{"line":29,"column":70},"end":{"line":29,"column":73}},{"start":{"line":29,"column":76},"end":{"line":29,"column":92}}],"line":29},"5":{"loc":{"start":{"line":29,"column":46},"end":{"line":29,"column":67}},"type":"binary-expr","locations":[{"start":{"line":29,"column":46},"end":{"line":29,"column":49}},{"start":{"line":29,"column":53},"end":{"line":29,"column":67}}],"line":29}},"s":{"0":1,"1":1,"2":1,"3":1,"4":1,"5":1,"6":1,"7":1,"8":1,"9":1,"10":1,"11":4,"12":4,"13":0,"14":0,"15":0,"16":0,"17":0,"18":0,"19":0,"20":1,"21":1,"22":1,"23":1,"24":1,"25":1,"26":1,"27":1,"28":1,"29":1,"30":1,"31":1,"32":1},"f":{"0":4,"1":1},"b":{"0":[4,0],"1":[4,4],"2":[0,0],"3":[0,0],"4":[0,1],"5":[1,1]},"_coverageSchema":"332fd63041d2c1bcb487cc26dd0d5f7d97098a6c","hash":"cf7d0c077ba0db38e3cf7473e888b2fd9e10eeaf","contentHash":"a3dca89d7a5ca3951db06170fa7d78f9_11.1.0"},"/home/larrystone/Documents/BC-26-More-Recipes/server/controllers/users.js":{"path":"/home/larrystone/Documents/BC-26-More-Recipes/server/controllers/users.js","statementMap":{"0":{"start":{"line":3,"column":0},"end":{"line":5,"column":3}},"1":{"start":{"line":7,"column":19},"end":{"line":7,"column":563}},"2":{"start":{"line":7,"column":76},"end":{"line":7,"column":347}},"3":{"start":{"line":7,"column":134},"end":{"line":7,"column":142}},"4":{"start":{"line":7,"column":144},"end":{"line":7,"column":199}},"5":{"start":{"line":7,"column":200},"end":{"line":7,"column":231}},"6":{"start":{"line":7,"column":232},"end":{"line":7,"column":286}},"7":{"start":{"line":7,"column":259},"end":{"line":7,"column":286}},"8":{"start":{"line":7,"column":287},"end":{"line":7,"column":345}},"9":{"start":{"line":7,"column":350},"end":{"line":7,"column":559}},"10":{"start":{"line":7,"column":407},"end":{"line":7,"column":475}},"11":{"start":{"line":7,"column":423},"end":{"line":7,"column":475}},"12":{"start":{"line":7,"column":476},"end":{"line":7,"column":536}},"13":{"start":{"line":7,"column":493},"end":{"line":7,"column":536}},"14":{"start":{"line":7,"column":537},"end":{"line":7,"column":556}},"15":{"start":{"line":9,"column":14},"end":{"line":9,"column":34}},"16":{"start":{"line":11,"column":15},"end":{"line":11,"column":46}},"17":{"start":{"line":13,"column":18},"end":{"line":13,"column":53}},"18":{"start":{"line":15,"column":17},"end":{"line":15,"column":53}},"19":{"start":{"line":17,"column":12},"end":{"line":17,"column":41}},"20":{"start":{"line":19,"column":11},"end":{"line":19,"column":41}},"21":{"start":{"line":21,"column":16},"end":{"line":21,"column":49}},"22":{"start":{"line":23,"column":15},"end":{"line":23,"column":49}},"23":{"start":{"line":25,"column":40},"end":{"line":25,"column":267}},"24":{"start":{"line":25,"column":69},"end":{"line":25,"column":80}},"25":{"start":{"line":25,"column":103},"end":{"line":25,"column":105}},"26":{"start":{"line":25,"column":107},"end":{"line":25,"column":228}},"27":{"start":{"line":25,"column":126},"end":{"line":25,"column":226}},"28":{"start":{"line":25,"column":149},"end":{"line":25,"column":224}},"29":{"start":{"line":25,"column":201},"end":{"line":25,"column":224}},"30":{"start":{"line":25,"column":229},"end":{"line":25,"column":250}},"31":{"start":{"line":25,"column":251},"end":{"line":25,"column":265}},"32":{"start":{"line":27,"column":39},"end":{"line":27,"column":93}},"33":{"start":{"line":29,"column":50},"end":{"line":29,"column":151}},"34":{"start":{"line":29,"column":92},"end":{"line":29,"column":149}},"35":{"start":{"line":31,"column":11},"end":{"line":31,"column":32}},"36":{"start":{"line":33,"column":14},"end":{"line":33,"column":32}},"37":{"start":{"line":34,"column":20},"end":{"line":34,"column":44}},"38":{"start":{"line":36,"column":22},"end":{"line":38,"column":1}},"39":{"start":{"line":37,"column":2},"end":{"line":37,"column":52}},"40":{"start":{"line":47,"column":11},"end":{"line":185,"column":3}},"41":{"start":{"line":49,"column":4},"end":{"line":49,"column":32}},"42":{"start":{"line":52,"column":2},"end":{"line":182,"column":6}},"43":{"start":{"line":64,"column":17},"end":{"line":64,"column":52}},"44":{"start":{"line":65,"column":21},"end":{"line":65,"column":55}},"45":{"start":{"line":66,"column":18},"end":{"line":66,"column":49}},"46":{"start":{"line":67,"column":21},"end":{"line":67,"column":44}},"47":{"start":{"line":69,"column":32},"end":{"line":69,"column":88}},"48":{"start":{"line":71,"column":6},"end":{"line":75,"column":7}},"49":{"start":{"line":72,"column":8},"end":{"line":74,"column":42}},"50":{"start":{"line":77,"column":6},"end":{"line":124,"column":9}},"51":{"start":{"line":87,"column":8},"end":{"line":99,"column":9}},"52":{"start":{"line":88,"column":22},"end":{"line":88,"column":28}},"53":{"start":{"line":89,"column":10},"end":{"line":93,"column":11}},"54":{"start":{"line":90,"column":12},"end":{"line":90,"column":31}},"55":{"start":{"line":91,"column":17},"end":{"line":93,"column":11}},"56":{"start":{"line":92,"column":12},"end":{"line":92,"column":28}},"57":{"start":{"line":95,"column":10},"end":{"line":98,"column":13}},"58":{"start":{"line":101,"column":8},"end":{"line":119,"column":11}},"59":{"start":{"line":107,"column":22},"end":{"line":107,"column":45}},"60":{"start":{"line":109,"column":28},"end":{"line":114,"column":11}},"61":{"start":{"line":116,"column":10},"end":{"line":118,"column":33}},"62":{"start":{"line":121,"column":8},"end":{"line":123,"column":63}},"63":{"start":{"line":126,"column":6},"end":{"line":126,"column":18}},"64":{"start":{"line":141,"column":28},"end":{"line":141,"column":80}},"65":{"start":{"line":143,"column":6},"end":{"line":178,"column":9}},"66":{"start":{"line":153,"column":8},"end":{"line":158,"column":9}},"67":{"start":{"line":154,"column":10},"end":{"line":157,"column":13}},"68":{"start":{"line":160,"column":8},"end":{"line":173,"column":9}},"69":{"start":{"line":161,"column":22},"end":{"line":161,"column":48}},"70":{"start":{"line":163,"column":10},"end":{"line":172,"column":13}},"71":{"start":{"line":174,"column":8},"end":{"line":177,"column":11}},"72":{"start":{"line":180,"column":6},"end":{"line":180,"column":18}},"73":{"start":{"line":184,"column":2},"end":{"line":184,"column":14}},"74":{"start":{"line":187,"column":0},"end":{"line":187,"column":23}}},"fnMap":{"0":{"name":"(anonymous_0)","decl":{"start":{"line":7,"column":19},"end":{"line":7,"column":20}},"loc":{"start":{"line":7,"column":31},"end":{"line":7,"column":561}},"line":7},"1":{"name":"defineProperties","decl":{"start":{"line":7,"column":42},"end":{"line":7,"column":58}},"loc":{"start":{"line":7,"column":74},"end":{"line":7,"column":349}},"line":7},"2":{"name":"(anonymous_2)","decl":{"start":{"line":7,"column":357},"end":{"line":7,"column":358}},"loc":{"start":{"line":7,"column":405},"end":{"line":7,"column":558}},"line":7},"3":{"name":"_interopRequireWildcard","decl":{"start":{"line":25,"column":9},"end":{"line":25,"column":32}},"loc":{"start":{"line":25,"column":38},"end":{"line":25,"column":269}},"line":25},"4":{"name":"_interopRequireDefault","decl":{"start":{"line":27,"column":9},"end":{"line":27,"column":31}},"loc":{"start":{"line":27,"column":37},"end":{"line":27,"column":95}},"line":27},"5":{"name":"_classCallCheck","decl":{"start":{"line":29,"column":9},"end":{"line":29,"column":24}},"loc":{"start":{"line":29,"column":48},"end":{"line":29,"column":153}},"line":29},"6":{"name":"trimWhiteSpaces","decl":{"start":{"line":36,"column":31},"end":{"line":36,"column":46}},"loc":{"start":{"line":36,"column":61},"end":{"line":38,"column":1}},"line":36},"7":{"name":"(anonymous_7)","decl":{"start":{"line":47,"column":11},"end":{"line":47,"column":12}},"loc":{"start":{"line":47,"column":23},"end":{"line":185,"column":1}},"line":47},"8":{"name":"User","decl":{"start":{"line":48,"column":11},"end":{"line":48,"column":15}},"loc":{"start":{"line":48,"column":18},"end":{"line":50,"column":3}},"line":48},"9":{"name":"signUp","decl":{"start":{"line":63,"column":20},"end":{"line":63,"column":26}},"loc":{"start":{"line":63,"column":37},"end":{"line":127,"column":5}},"line":63},"10":{"name":"(anonymous_10)","decl":{"start":{"line":86,"column":14},"end":{"line":86,"column":15}},"loc":{"start":{"line":86,"column":35},"end":{"line":120,"column":7}},"line":86},"11":{"name":"(anonymous_11)","decl":{"start":{"line":106,"column":16},"end":{"line":106,"column":17}},"loc":{"start":{"line":106,"column":34},"end":{"line":119,"column":9}},"line":106},"12":{"name":"(anonymous_12)","decl":{"start":{"line":120,"column":15},"end":{"line":120,"column":16}},"loc":{"start":{"line":120,"column":28},"end":{"line":124,"column":7}},"line":120},"13":{"name":"signIn","decl":{"start":{"line":140,"column":20},"end":{"line":140,"column":26}},"loc":{"start":{"line":140,"column":37},"end":{"line":181,"column":5}},"line":140},"14":{"name":"(anonymous_14)","decl":{"start":{"line":152,"column":14},"end":{"line":152,"column":15}},"loc":{"start":{"line":152,"column":35},"end":{"line":178,"column":7}},"line":152}},"branchMap":{"0":{"loc":{"start":{"line":7,"column":168},"end":{"line":7,"column":198}},"type":"binary-expr","locations":[{"start":{"line":7,"column":168},"end":{"line":7,"column":189}},{"start":{"line":7,"column":193},"end":{"line":7,"column":198}}],"line":7},"1":{"loc":{"start":{"line":7,"column":232},"end":{"line":7,"column":286}},"type":"if","locations":[{"start":{"line":7,"column":232},"end":{"line":7,"column":286}},{"start":{"line":7,"column":232},"end":{"line":7,"column":286}}],"line":7},"2":{"loc":{"start":{"line":7,"column":407},"end":{"line":7,"column":475}},"type":"if","locations":[{"start":{"line":7,"column":407},"end":{"line":7,"column":475}},{"start":{"line":7,"column":407},"end":{"line":7,"column":475}}],"line":7},"3":{"loc":{"start":{"line":7,"column":476},"end":{"line":7,"column":536}},"type":"if","locations":[{"start":{"line":7,"column":476},"end":{"line":7,"column":536}},{"start":{"line":7,"column":476},"end":{"line":7,"column":536}}],"line":7},"4":{"loc":{"start":{"line":25,"column":40},"end":{"line":25,"column":267}},"type":"if","locations":[{"start":{"line":25,"column":40},"end":{"line":25,"column":267}},{"start":{"line":25,"column":40},"end":{"line":25,"column":267}}],"line":25},"5":{"loc":{"start":{"line":25,"column":44},"end":{"line":25,"column":65}},"type":"binary-expr","locations":[{"start":{"line":25,"column":44},"end":{"line":25,"column":47}},{"start":{"line":25,"column":51},"end":{"line":25,"column":65}}],"line":25},"6":{"loc":{"start":{"line":25,"column":107},"end":{"line":25,"column":228}},"type":"if","locations":[{"start":{"line":25,"column":107},"end":{"line":25,"column":228}},{"start":{"line":25,"column":107},"end":{"line":25,"column":228}}],"line":25},"7":{"loc":{"start":{"line":25,"column":149},"end":{"line":25,"column":224}},"type":"if","locations":[{"start":{"line":25,"column":149},"end":{"line":25,"column":224}},{"start":{"line":25,"column":149},"end":{"line":25,"column":224}}],"line":25},"8":{"loc":{"start":{"line":27,"column":46},"end":{"line":27,"column":92}},"type":"cond-expr","locations":[{"start":{"line":27,"column":70},"end":{"line":27,"column":73}},{"start":{"line":27,"column":76},"end":{"line":27,"column":92}}],"line":27},"9":{"loc":{"start":{"line":27,"column":46},"end":{"line":27,"column":67}},"type":"binary-expr","locations":[{"start":{"line":27,"column":46},"end":{"line":27,"column":49}},{"start":{"line":27,"column":53},"end":{"line":27,"column":67}}],"line":27},"10":{"loc":{"start":{"line":29,"column":50},"end":{"line":29,"column":151}},"type":"if","locations":[{"start":{"line":29,"column":50},"end":{"line":29,"column":151}},{"start":{"line":29,"column":50},"end":{"line":29,"column":151}}],"line":29},"11":{"loc":{"start":{"line":37,"column":10},"end":{"line":37,"column":21}},"type":"binary-expr","locations":[{"start":{"line":37,"column":10},"end":{"line":37,"column":15}},{"start":{"line":37,"column":19},"end":{"line":37,"column":21}}],"line":37},"12":{"loc":{"start":{"line":37,"column":39},"end":{"line":37,"column":50}},"type":"binary-expr","locations":[{"start":{"line":37,"column":39},"end":{"line":37,"column":44}},{"start":{"line":37,"column":48},"end":{"line":37,"column":50}}],"line":37},"13":{"loc":{"start":{"line":67,"column":21},"end":{"line":67,"column":44}},"type":"binary-expr","locations":[{"start":{"line":67,"column":21},"end":{"line":67,"column":38}},{"start":{"line":67,"column":42},"end":{"line":67,"column":44}}],"line":67},"14":{"loc":{"start":{"line":71,"column":6},"end":{"line":75,"column":7}},"type":"if","locations":[{"start":{"line":71,"column":6},"end":{"line":75,"column":7}},{"start":{"line":71,"column":6},"end":{"line":75,"column":7}}],"line":71},"15":{"loc":{"start":{"line":87,"column":8},"end":{"line":99,"column":9}},"type":"if","locations":[{"start":{"line":87,"column":8},"end":{"line":99,"column":9}},{"start":{"line":87,"column":8},"end":{"line":99,"column":9}}],"line":87},"16":{"loc":{"start":{"line":89,"column":10},"end":{"line":93,"column":11}},"type":"if","locations":[{"start":{"line":89,"column":10},"end":{"line":93,"column":11}},{"start":{"line":89,"column":10},"end":{"line":93,"column":11}}],"line":89},"17":{"loc":{"start":{"line":91,"column":17},"end":{"line":93,"column":11}},"type":"if","locations":[{"start":{"line":91,"column":17},"end":{"line":93,"column":11}},{"start":{"line":91,"column":17},"end":{"line":93,"column":11}}],"line":91},"18":{"loc":{"start":{"line":141,"column":44},"end":{"line":141,"column":79}},"type":"binary-expr","locations":[{"start":{"line":141,"column":44},"end":{"line":141,"column":58}},{"start":{"line":141,"column":62},"end":{"line":141,"column":79}}],"line":141},"19":{"loc":{"start":{"line":153,"column":8},"end":{"line":158,"column":9}},"type":"if","locations":[{"start":{"line":153,"column":8},"end":{"line":158,"column":9}},{"start":{"line":153,"column":8},"end":{"line":158,"column":9}}],"line":153},"20":{"loc":{"start":{"line":160,"column":8},"end":{"line":173,"column":9}},"type":"if","locations":[{"start":{"line":160,"column":8},"end":{"line":173,"column":9}},{"start":{"line":160,"column":8},"end":{"line":173,"column":9}}],"line":160}},"s":{"0":1,"1":1,"2":1,"3":2,"4":2,"5":2,"6":2,"7":2,"8":2,"9":1,"10":1,"11":1,"12":1,"13":0,"14":1,"15":1,"16":1,"17":1,"18":1,"19":1,"20":1,"21":1,"22":1,"23":3,"24":3,"25":0,"26":0,"27":0,"28":0,"29":0,"30":0,"31":0,"32":1,"33":1,"34":0,"35":1,"36":1,"37":1,"38":1,"39":57,"40":1,"41":1,"42":1,"43":17,"44":17,"45":17,"46":17,"47":17,"48":17,"49":8,"50":9,"51":9,"52":2,"53":2,"54":2,"55":0,"56":0,"57":2,"58":7,"59":7,"60":7,"61":7,"62":0,"63":9,"64":6,"65":6,"66":6,"67":1,"68":5,"69":4,"70":4,"71":1,"72":6,"73":1,"74":1},"f":{"0":1,"1":1,"2":1,"3":3,"4":1,"5":1,"6":57,"7":1,"8":1,"9":17,"10":9,"11":7,"12":0,"13":6,"14":6},"b":{"0":[2,2],"1":[2,0],"2":[1,0],"3":[0,1],"4":[3,0],"5":[3,3],"6":[0,0],"7":[0,0],"8":[0,1],"9":[1,1],"10":[0,1],"11":[57,3],"12":[57,40],"13":[17,1],"14":[8,9],"15":[2,7],"16":[2,0],"17":[0,0],"18":[6,2],"19":[1,5],"20":[4,1]},"_coverageSchema":"332fd63041d2c1bcb487cc26dd0d5f7d97098a6c","hash":"19670e7b3403867c2796acf495bdcbc2e83577ef","contentHash":"1f8256c15b75635d65896c6e4f3f2405_11.1.0"},"/home/larrystone/Documents/BC-26-More-Recipes/server/models/index.js":{"path":"/home/larrystone/Documents/BC-26-More-Recipes/server/models/index.js","statementMap":{"0":{"start":{"line":3,"column":10},"end":{"line":3,"column":23}},"1":{"start":{"line":5,"column":11},"end":{"line":5,"column":38}},"2":{"start":{"line":7,"column":12},"end":{"line":7,"column":27}},"3":{"start":{"line":9,"column":13},"end":{"line":9,"column":42}},"4":{"start":{"line":11,"column":17},"end":{"line":11,"column":37}},"5":{"start":{"line":13,"column":18},"end":{"line":13,"column":52}},"6":{"start":{"line":15,"column":14},"end":{"line":15,"column":43}},"7":{"start":{"line":17,"column":15},"end":{"line":17,"column":46}},"8":{"start":{"line":19,"column":39},"end":{"line":19,"column":93}},"9":{"start":{"line":21,"column":10},"end":{"line":21,"column":47}},"10":{"start":{"line":22,"column":15},"end":{"line":22,"column":55}},"11":{"start":{"line":23,"column":13},"end":{"line":23,"column":34}},"12":{"start":{"line":24,"column":9},"end":{"line":24,"column":11}},"13":{"start":{"line":25,"column":16},"end":{"line":25,"column":22}},"14":{"start":{"line":27,"column":0},"end":{"line":31,"column":1}},"15":{"start":{"line":28,"column":2},"end":{"line":28,"column":76}},"16":{"start":{"line":30,"column":2},"end":{"line":30,"column":97}},"17":{"start":{"line":33,"column":0},"end":{"line":39,"column":3}},"18":{"start":{"line":34,"column":17},"end":{"line":34,"column":89}},"19":{"start":{"line":35,"column":2},"end":{"line":35,"column":18}},"20":{"start":{"line":37,"column":14},"end":{"line":37,"column":68}},"21":{"start":{"line":38,"column":2},"end":{"line":38,"column":25}},"22":{"start":{"line":41,"column":0},"end":{"line":45,"column":3}},"23":{"start":{"line":42,"column":2},"end":{"line":44,"column":3}},"24":{"start":{"line":43,"column":4},"end":{"line":43,"column":32}},"25":{"start":{"line":47,"column":0},"end":{"line":47,"column":25}},"26":{"start":{"line":49,"column":0},"end":{"line":49,"column":20}}},"fnMap":{"0":{"name":"_interopRequireDefault","decl":{"start":{"line":19,"column":9},"end":{"line":19,"column":31}},"loc":{"start":{"line":19,"column":37},"end":{"line":19,"column":95}},"line":19},"1":{"name":"(anonymous_1)","decl":{"start":{"line":33,"column":43},"end":{"line":33,"column":44}},"loc":{"start":{"line":33,"column":59},"end":{"line":36,"column":1}},"line":33},"2":{"name":"(anonymous_2)","decl":{"start":{"line":36,"column":11},"end":{"line":36,"column":12}},"loc":{"start":{"line":36,"column":27},"end":{"line":39,"column":1}},"line":36},"3":{"name":"(anonymous_3)","decl":{"start":{"line":41,"column":24},"end":{"line":41,"column":25}},"loc":{"start":{"line":41,"column":45},"end":{"line":45,"column":1}},"line":41}},"branchMap":{"0":{"loc":{"start":{"line":19,"column":46},"end":{"line":19,"column":92}},"type":"cond-expr","locations":[{"start":{"line":19,"column":70},"end":{"line":19,"column":73}},{"start":{"line":19,"column":76},"end":{"line":19,"column":92}}],"line":19},"1":{"loc":{"start":{"line":19,"column":46},"end":{"line":19,"column":67}},"type":"binary-expr","locations":[{"start":{"line":19,"column":46},"end":{"line":19,"column":49}},{"start":{"line":19,"column":53},"end":{"line":19,"column":67}}],"line":19},"2":{"loc":{"start":{"line":21,"column":10},"end":{"line":21,"column":47}},"type":"binary-expr","locations":[{"start":{"line":21,"column":10},"end":{"line":21,"column":30}},{"start":{"line":21,"column":34},"end":{"line":21,"column":47}}],"line":21},"3":{"loc":{"start":{"line":27,"column":0},"end":{"line":31,"column":1}},"type":"if","locations":[{"start":{"line":27,"column":0},"end":{"line":31,"column":1}},{"start":{"line":27,"column":0},"end":{"line":31,"column":1}}],"line":27},"4":{"loc":{"start":{"line":34,"column":17},"end":{"line":34,"column":89}},"type":"binary-expr","locations":[{"start":{"line":34,"column":17},"end":{"line":34,"column":40}},{"start":{"line":34,"column":44},"end":{"line":34,"column":61}},{"start":{"line":34,"column":65},"end":{"line":34,"column":89}}],"line":34},"5":{"loc":{"start":{"line":42,"column":2},"end":{"line":44,"column":3}},"type":"if","locations":[{"start":{"line":42,"column":2},"end":{"line":44,"column":3}},{"start":{"line":42,"column":2},"end":{"line":44,"column":3}}],"line":42}},"s":{"0":1,"1":1,"2":1,"3":1,"4":1,"5":1,"6":1,"7":1,"8":4,"9":1,"10":1,"11":1,"12":1,"13":1,"14":1,"15":0,"16":1,"17":1,"18":7,"19":7,"20":6,"21":6,"22":1,"23":6,"24":6,"25":1,"26":1},"f":{"0":4,"1":7,"2":6,"3":6},"b":{"0":[0,4],"1":[4,4],"2":[1,1],"3":[0,1],"4":[7,7,6],"5":[6,0]},"_coverageSchema":"332fd63041d2c1bcb487cc26dd0d5f7d97098a6c","hash":"736f54dd7dad8be734f7fac733b23ba6e5b41da0","contentHash":"a86c02ff037a300a52a82b5553944982_11.1.0"},"/home/larrystone/Documents/BC-26-More-Recipes/server/config/config.js":{"path":"/home/larrystone/Documents/BC-26-More-Recipes/server/config/config.js","statementMap":{"0":{"start":{"line":3,"column":0},"end":{"line":3,"column":27}},"1":{"start":{"line":5,"column":0},"end":{"line":19,"column":2}}},"fnMap":{},"branchMap":{},"s":{"0":1,"1":1},"f":{},"b":{},"_coverageSchema":"332fd63041d2c1bcb487cc26dd0d5f7d97098a6c","hash":"420ef3e06f80f8ab260c4865d47670469537a018","contentHash":"c99c3ef655c9c2ada2fee9ec9fd4cfcf_11.1.0"},"/home/larrystone/Documents/BC-26-More-Recipes/server/models/downvote.js":{"path":"/home/larrystone/Documents/BC-26-More-Recipes/server/models/downvote.js","statementMap":{"0":{"start":{"line":3,"column":0},"end":{"line":5,"column":3}},"1":{"start":{"line":13,"column":0},"end":{"line":43,"column":2}},"2":{"start":{"line":14,"column":17},"end":{"line":32,"column":4}},"3":{"start":{"line":33,"column":2},"end":{"line":41,"column":4}},"4":{"start":{"line":34,"column":4},"end":{"line":37,"column":7}},"5":{"start":{"line":38,"column":4},"end":{"line":40,"column":7}},"6":{"start":{"line":42,"column":2},"end":{"line":42,"column":18}}},"fnMap":{"0":{"name":"(anonymous_0)","decl":{"start":{"line":13,"column":18},"end":{"line":13,"column":19}},"loc":{"start":{"line":13,"column":50},"end":{"line":43,"column":1}},"line":13},"1":{"name":"(anonymous_1)","decl":{"start":{"line":33,"column":23},"end":{"line":33,"column":24}},"loc":{"start":{"line":33,"column":41},"end":{"line":41,"column":3}},"line":33}},"branchMap":{},"s":{"0":1,"1":1,"2":1,"3":1,"4":1,"5":1,"6":1},"f":{"0":1,"1":1},"b":{},"_coverageSchema":"332fd63041d2c1bcb487cc26dd0d5f7d97098a6c","hash":"cbd5f168d6b07315bdc1284b06b46e871792976b","contentHash":"9caf3236bd00d0de33654830ea76ddba_11.1.0"},"/home/larrystone/Documents/BC-26-More-Recipes/server/models/favorites.js":{"path":"/home/larrystone/Documents/BC-26-More-Recipes/server/models/favorites.js","statementMap":{"0":{"start":{"line":3,"column":0},"end":{"line":5,"column":3}},"1":{"start":{"line":13,"column":0},"end":{"line":45,"column":2}},"2":{"start":{"line":14,"column":17},"end":{"line":33,"column":4}},"3":{"start":{"line":34,"column":2},"end":{"line":43,"column":4}},"4":{"start":{"line":35,"column":4},"end":{"line":38,"column":7}},"5":{"start":{"line":39,"column":4},"end":{"line":42,"column":7}},"6":{"start":{"line":44,"column":2},"end":{"line":44,"column":18}}},"fnMap":{"0":{"name":"(anonymous_0)","decl":{"start":{"line":13,"column":18},"end":{"line":13,"column":19}},"loc":{"start":{"line":13,"column":50},"end":{"line":45,"column":1}},"line":13},"1":{"name":"(anonymous_1)","decl":{"start":{"line":34,"column":23},"end":{"line":34,"column":24}},"loc":{"start":{"line":34,"column":41},"end":{"line":43,"column":3}},"line":34}},"branchMap":{},"s":{"0":1,"1":1,"2":1,"3":1,"4":1,"5":1,"6":1},"f":{"0":1,"1":1},"b":{},"_coverageSchema":"332fd63041d2c1bcb487cc26dd0d5f7d97098a6c","hash":"21f6cbd530a0bf52e1fb19fd26fe5cecab9ab72c","contentHash":"8e2d8a47e59dd0e53f783e1fa003a77b_11.1.0"},"/home/larrystone/Documents/BC-26-More-Recipes/server/models/recipe.js":{"path":"/home/larrystone/Documents/BC-26-More-Recipes/server/models/recipe.js","statementMap":{"0":{"start":{"line":3,"column":0},"end":{"line":5,"column":3}},"1":{"start":{"line":13,"column":0},"end":{"line":62,"column":2}},"2":{"start":{"line":14,"column":15},"end":{"line":43,"column":4}},"3":{"start":{"line":44,"column":2},"end":{"line":60,"column":4}},"4":{"start":{"line":45,"column":4},"end":{"line":47,"column":7}},"5":{"start":{"line":48,"column":4},"end":{"line":50,"column":7}},"6":{"start":{"line":51,"column":4},"end":{"line":53,"column":7}},"7":{"start":{"line":54,"column":4},"end":{"line":56,"column":7}},"8":{"start":{"line":57,"column":4},"end":{"line":59,"column":7}},"9":{"start":{"line":61,"column":2},"end":{"line":61,"column":16}}},"fnMap":{"0":{"name":"(anonymous_0)","decl":{"start":{"line":13,"column":18},"end":{"line":13,"column":19}},"loc":{"start":{"line":13,"column":50},"end":{"line":62,"column":1}},"line":13},"1":{"name":"(anonymous_1)","decl":{"start":{"line":44,"column":21},"end":{"line":44,"column":22}},"loc":{"start":{"line":44,"column":39},"end":{"line":60,"column":3}},"line":44}},"branchMap":{},"s":{"0":1,"1":1,"2":1,"3":1,"4":1,"5":1,"6":1,"7":1,"8":1,"9":1},"f":{"0":1,"1":1},"b":{},"_coverageSchema":"332fd63041d2c1bcb487cc26dd0d5f7d97098a6c","hash":"16e29a6b54fcf8fec43ab139321579432c71d746","contentHash":"2fe8f806d7ffdeef2db085bf9d8fc37a_11.1.0"},"/home/larrystone/Documents/BC-26-More-Recipes/server/models/review.js":{"path":"/home/larrystone/Documents/BC-26-More-Recipes/server/models/review.js","statementMap":{"0":{"start":{"line":3,"column":0},"end":{"line":5,"column":3}},"1":{"start":{"line":13,"column":0},"end":{"line":45,"column":2}},"2":{"start":{"line":14,"column":15},"end":{"line":34,"column":4}},"3":{"start":{"line":36,"column":2},"end":{"line":43,"column":4}},"4":{"start":{"line":37,"column":4},"end":{"line":39,"column":7}},"5":{"start":{"line":40,"column":4},"end":{"line":42,"column":7}},"6":{"start":{"line":44,"column":2},"end":{"line":44,"column":16}}},"fnMap":{"0":{"name":"(anonymous_0)","decl":{"start":{"line":13,"column":18},"end":{"line":13,"column":19}},"loc":{"start":{"line":13,"column":50},"end":{"line":45,"column":1}},"line":13},"1":{"name":"(anonymous_1)","decl":{"start":{"line":36,"column":21},"end":{"line":36,"column":22}},"loc":{"start":{"line":36,"column":39},"end":{"line":43,"column":3}},"line":36}},"branchMap":{},"s":{"0":1,"1":1,"2":1,"3":1,"4":1,"5":1,"6":1},"f":{"0":1,"1":1},"b":{},"_coverageSchema":"332fd63041d2c1bcb487cc26dd0d5f7d97098a6c","hash":"b18c50f31a97ef7be0ec7df7452e3ebe89fa4458","contentHash":"f12798ab58b6b964c6ee9c77f6f36c22_11.1.0"},"/home/larrystone/Documents/BC-26-More-Recipes/server/models/upvote.js":{"path":"/home/larrystone/Documents/BC-26-More-Recipes/server/models/upvote.js","statementMap":{"0":{"start":{"line":3,"column":0},"end":{"line":5,"column":3}},"1":{"start":{"line":13,"column":0},"end":{"line":43,"column":2}},"2":{"start":{"line":14,"column":15},"end":{"line":31,"column":4}},"3":{"start":{"line":32,"column":2},"end":{"line":41,"column":4}},"4":{"start":{"line":33,"column":4},"end":{"line":36,"column":7}},"5":{"start":{"line":37,"column":4},"end":{"line":40,"column":7}},"6":{"start":{"line":42,"column":2},"end":{"line":42,"column":16}}},"fnMap":{"0":{"name":"(anonymous_0)","decl":{"start":{"line":13,"column":18},"end":{"line":13,"column":19}},"loc":{"start":{"line":13,"column":50},"end":{"line":43,"column":1}},"line":13},"1":{"name":"(anonymous_1)","decl":{"start":{"line":32,"column":21},"end":{"line":32,"column":22}},"loc":{"start":{"line":32,"column":39},"end":{"line":41,"column":3}},"line":32}},"branchMap":{},"s":{"0":1,"1":1,"2":1,"3":1,"4":1,"5":1,"6":1},"f":{"0":1,"1":1},"b":{},"_coverageSchema":"332fd63041d2c1bcb487cc26dd0d5f7d97098a6c","hash":"63007f34947d898f086d8e4cdb2d6f269baa7aa4","contentHash":"685a157b25aef4bc11af3b03acbb968c_11.1.0"},"/home/larrystone/Documents/BC-26-More-Recipes/server/models/user.js":{"path":"/home/larrystone/Documents/BC-26-More-Recipes/server/models/user.js","statementMap":{"0":{"start":{"line":3,"column":0},"end":{"line":5,"column":3}},"1":{"start":{"line":13,"column":0},"end":{"line":63,"column":2}},"2":{"start":{"line":14,"column":13},"end":{"line":44,"column":4}},"3":{"start":{"line":45,"column":2},"end":{"line":61,"column":4}},"4":{"start":{"line":46,"column":4},"end":{"line":48,"column":7}},"5":{"start":{"line":49,"column":4},"end":{"line":51,"column":7}},"6":{"start":{"line":52,"column":4},"end":{"line":54,"column":7}},"7":{"start":{"line":55,"column":4},"end":{"line":57,"column":7}},"8":{"start":{"line":58,"column":4},"end":{"line":60,"column":7}},"9":{"start":{"line":62,"column":2},"end":{"line":62,"column":14}}},"fnMap":{"0":{"name":"(anonymous_0)","decl":{"start":{"line":13,"column":18},"end":{"line":13,"column":19}},"loc":{"start":{"line":13,"column":50},"end":{"line":63,"column":1}},"line":13},"1":{"name":"(anonymous_1)","decl":{"start":{"line":45,"column":19},"end":{"line":45,"column":20}},"loc":{"start":{"line":45,"column":37},"end":{"line":61,"column":3}},"line":45}},"branchMap":{},"s":{"0":1,"1":1,"2":1,"3":1,"4":1,"5":1,"6":1,"7":1,"8":1,"9":1},"f":{"0":1,"1":1},"b":{},"_coverageSchema":"332fd63041d2c1bcb487cc26dd0d5f7d97098a6c","hash":"fe06aa3afeadee1121db4c54c015292875c43b96","contentHash":"a534a97fbc9c96bd4d7094204314a0aa_11.1.0"},"/home/larrystone/Documents/BC-26-More-Recipes/server/middleware/auth.js":{"path":"/home/larrystone/Documents/BC-26-More-Recipes/server/middleware/auth.js","statementMap":{"0":{"start":{"line":3,"column":0},"end":{"line":5,"column":3}},"1":{"start":{"line":7,"column":19},"end":{"line":7,"column":563}},"2":{"start":{"line":7,"column":76},"end":{"line":7,"column":347}},"3":{"start":{"line":7,"column":134},"end":{"line":7,"column":142}},"4":{"start":{"line":7,"column":144},"end":{"line":7,"column":199}},"5":{"start":{"line":7,"column":200},"end":{"line":7,"column":231}},"6":{"start":{"line":7,"column":232},"end":{"line":7,"column":286}},"7":{"start":{"line":7,"column":259},"end":{"line":7,"column":286}},"8":{"start":{"line":7,"column":287},"end":{"line":7,"column":345}},"9":{"start":{"line":7,"column":350},"end":{"line":7,"column":559}},"10":{"start":{"line":7,"column":407},"end":{"line":7,"column":475}},"11":{"start":{"line":7,"column":423},"end":{"line":7,"column":475}},"12":{"start":{"line":7,"column":476},"end":{"line":7,"column":536}},"13":{"start":{"line":7,"column":493},"end":{"line":7,"column":536}},"14":{"start":{"line":7,"column":537},"end":{"line":7,"column":556}},"15":{"start":{"line":9,"column":20},"end":{"line":9,"column":43}},"16":{"start":{"line":11,"column":21},"end":{"line":11,"column":58}},"17":{"start":{"line":13,"column":39},"end":{"line":13,"column":93}},"18":{"start":{"line":15,"column":50},"end":{"line":15,"column":151}},"19":{"start":{"line":15,"column":92},"end":{"line":15,"column":149}},"20":{"start":{"line":23,"column":11},"end":{"line":80,"column":3}},"21":{"start":{"line":25,"column":4},"end":{"line":25,"column":32}},"22":{"start":{"line":28,"column":2},"end":{"line":77,"column":6}},"23":{"start":{"line":41,"column":18},"end":{"line":41,"column":84}},"24":{"start":{"line":43,"column":6},"end":{"line":58,"column":7}},"25":{"start":{"line":44,"column":21},"end":{"line":44,"column":54}},"26":{"start":{"line":45,"column":8},"end":{"line":52,"column":11}},"27":{"start":{"line":46,"column":10},"end":{"line":49,"column":11}},"28":{"start":{"line":47,"column":12},"end":{"line":48,"column":58}},"29":{"start":{"line":50,"column":10},"end":{"line":50,"column":31}},"30":{"start":{"line":51,"column":10},"end":{"line":51,"column":17}},"31":{"start":{"line":54,"column":8},"end":{"line":57,"column":11}},"32":{"start":{"line":60,"column":6},"end":{"line":60,"column":18}},"33":{"start":{"line":74,"column":6},"end":{"line":74,"column":54}},"34":{"start":{"line":75,"column":6},"end":{"line":75,"column":58}},"35":{"start":{"line":79,"column":2},"end":{"line":79,"column":14}},"36":{"start":{"line":82,"column":0},"end":{"line":82,"column":23}}},"fnMap":{"0":{"name":"(anonymous_0)","decl":{"start":{"line":7,"column":19},"end":{"line":7,"column":20}},"loc":{"start":{"line":7,"column":31},"end":{"line":7,"column":561}},"line":7},"1":{"name":"defineProperties","decl":{"start":{"line":7,"column":42},"end":{"line":7,"column":58}},"loc":{"start":{"line":7,"column":74},"end":{"line":7,"column":349}},"line":7},"2":{"name":"(anonymous_2)","decl":{"start":{"line":7,"column":357},"end":{"line":7,"column":358}},"loc":{"start":{"line":7,"column":405},"end":{"line":7,"column":558}},"line":7},"3":{"name":"_interopRequireDefault","decl":{"start":{"line":13,"column":9},"end":{"line":13,"column":31}},"loc":{"start":{"line":13,"column":37},"end":{"line":13,"column":95}},"line":13},"4":{"name":"_classCallCheck","decl":{"start":{"line":15,"column":9},"end":{"line":15,"column":24}},"loc":{"start":{"line":15,"column":48},"end":{"line":15,"column":153}},"line":15},"5":{"name":"(anonymous_5)","decl":{"start":{"line":23,"column":11},"end":{"line":23,"column":12}},"loc":{"start":{"line":23,"column":23},"end":{"line":80,"column":1}},"line":23},"6":{"name":"Auth","decl":{"start":{"line":24,"column":11},"end":{"line":24,"column":15}},"loc":{"start":{"line":24,"column":18},"end":{"line":26,"column":3}},"line":24},"7":{"name":"verify","decl":{"start":{"line":40,"column":20},"end":{"line":40,"column":26}},"loc":{"start":{"line":40,"column":43},"end":{"line":61,"column":5}},"line":40},"8":{"name":"(anonymous_8)","decl":{"start":{"line":45,"column":53},"end":{"line":45,"column":54}},"loc":{"start":{"line":45,"column":77},"end":{"line":52,"column":9}},"line":45},"9":{"name":"sign","decl":{"start":{"line":73,"column":20},"end":{"line":73,"column":24}},"loc":{"start":{"line":73,"column":29},"end":{"line":76,"column":5}},"line":73}},"branchMap":{"0":{"loc":{"start":{"line":7,"column":168},"end":{"line":7,"column":198}},"type":"binary-expr","locations":[{"start":{"line":7,"column":168},"end":{"line":7,"column":189}},{"start":{"line":7,"column":193},"end":{"line":7,"column":198}}],"line":7},"1":{"loc":{"start":{"line":7,"column":232},"end":{"line":7,"column":286}},"type":"if","locations":[{"start":{"line":7,"column":232},"end":{"line":7,"column":286}},{"start":{"line":7,"column":232},"end":{"line":7,"column":286}}],"line":7},"2":{"loc":{"start":{"line":7,"column":407},"end":{"line":7,"column":475}},"type":"if","locations":[{"start":{"line":7,"column":407},"end":{"line":7,"column":475}},{"start":{"line":7,"column":407},"end":{"line":7,"column":475}}],"line":7},"3":{"loc":{"start":{"line":7,"column":476},"end":{"line":7,"column":536}},"type":"if","locations":[{"start":{"line":7,"column":476},"end":{"line":7,"column":536}},{"start":{"line":7,"column":476},"end":{"line":7,"column":536}}],"line":7},"4":{"loc":{"start":{"line":13,"column":46},"end":{"line":13,"column":92}},"type":"cond-expr","locations":[{"start":{"line":13,"column":70},"end":{"line":13,"column":73}},{"start":{"line":13,"column":76},"end":{"line":13,"column":92}}],"line":13},"5":{"loc":{"start":{"line":13,"column":46},"end":{"line":13,"column":67}},"type":"binary-expr","locations":[{"start":{"line":13,"column":46},"end":{"line":13,"column":49}},{"start":{"line":13,"column":53},"end":{"line":13,"column":67}}],"line":13},"6":{"loc":{"start":{"line":15,"column":50},"end":{"line":15,"column":151}},"type":"if","locations":[{"start":{"line":15,"column":50},"end":{"line":15,"column":151}},{"start":{"line":15,"column":50},"end":{"line":15,"column":151}}],"line":15},"7":{"loc":{"start":{"line":41,"column":18},"end":{"line":41,"column":84}},"type":"binary-expr","locations":[{"start":{"line":41,"column":18},"end":{"line":41,"column":32}},{"start":{"line":41,"column":36},"end":{"line":41,"column":51}},{"start":{"line":41,"column":55},"end":{"line":41,"column":84}}],"line":41},"8":{"loc":{"start":{"line":43,"column":6},"end":{"line":58,"column":7}},"type":"if","locations":[{"start":{"line":43,"column":6},"end":{"line":58,"column":7}},{"start":{"line":43,"column":6},"end":{"line":58,"column":7}}],"line":43},"9":{"loc":{"start":{"line":44,"column":21},"end":{"line":44,"column":54}},"type":"binary-expr","locations":[{"start":{"line":44,"column":21},"end":{"line":44,"column":39}},{"start":{"line":44,"column":43},"end":{"line":44,"column":54}}],"line":44},"10":{"loc":{"start":{"line":46,"column":10},"end":{"line":49,"column":11}},"type":"if","locations":[{"start":{"line":46,"column":10},"end":{"line":49,"column":11}},{"start":{"line":46,"column":10},"end":{"line":49,"column":11}}],"line":46},"11":{"loc":{"start":{"line":74,"column":20},"end":{"line":74,"column":53}},"type":"binary-expr","locations":[{"start":{"line":74,"column":20},"end":{"line":74,"column":38}},{"start":{"line":74,"column":42},"end":{"line":74,"column":53}}],"line":74}},"s":{"0":1,"1":1,"2":1,"3":2,"4":2,"5":2,"6":2,"7":2,"8":2,"9":1,"10":1,"11":1,"12":1,"13":0,"14":1,"15":1,"16":1,"17":1,"18":3,"19":0,"20":1,"21":3,"22":1,"23":64,"24":64,"25":58,"26":58,"27":58,"28":2,"29":56,"30":56,"31":6,"32":58,"33":11,"34":11,"35":1,"36":1},"f":{"0":1,"1":1,"2":1,"3":1,"4":3,"5":1,"6":3,"7":64,"8":58,"9":11},"b":{"0":[2,2],"1":[2,0],"2":[1,0],"3":[0,1],"4":[0,1],"5":[1,1],"6":[0,3],"7":[64,35,35],"8":[58,6],"9":[58,58],"10":[2,56],"11":[11,11]},"_coverageSchema":"332fd63041d2c1bcb487cc26dd0d5f7d97098a6c","hash":"187af1dabd4351339c3a7e7fab2129d6e622e949","contentHash":"0b1db0b0a8840e3feb82d5ce7596e9a8_11.1.0"},"/home/larrystone/Documents/BC-26-More-Recipes/server/middleware/validate.js":{"path":"/home/larrystone/Documents/BC-26-More-Recipes/server/middleware/validate.js","statementMap":{"0":{"start":{"line":3,"column":0},"end":{"line":5,"column":3}},"1":{"start":{"line":14,"column":21},"end":{"line":33,"column":1}},"2":{"start":{"line":15,"column":16},"end":{"line":15,"column":39}},"3":{"start":{"line":16,"column":2},"end":{"line":18,"column":3}},"4":{"start":{"line":17,"column":4},"end":{"line":17,"column":38}},"5":{"start":{"line":20,"column":2},"end":{"line":22,"column":3}},"6":{"start":{"line":21,"column":4},"end":{"line":21,"column":57}},"7":{"start":{"line":24,"column":2},"end":{"line":26,"column":3}},"8":{"start":{"line":25,"column":4},"end":{"line":25,"column":41}},"9":{"start":{"line":28,"column":2},"end":{"line":30,"column":3}},"10":{"start":{"line":29,"column":4},"end":{"line":29,"column":53}},"11":{"start":{"line":32,"column":2},"end":{"line":32,"column":15}},"12":{"start":{"line":40,"column":21},"end":{"line":46,"column":1}},"13":{"start":{"line":41,"column":2},"end":{"line":43,"column":3}},"14":{"start":{"line":42,"column":4},"end":{"line":42,"column":30}},"15":{"start":{"line":45,"column":2},"end":{"line":45,"column":15}},"16":{"start":{"line":55,"column":28},"end":{"line":67,"column":1}},"17":{"start":{"line":56,"column":2},"end":{"line":58,"column":3}},"18":{"start":{"line":57,"column":4},"end":{"line":57,"column":40}},"19":{"start":{"line":60,"column":2},"end":{"line":62,"column":3}},"20":{"start":{"line":61,"column":4},"end":{"line":61,"column":48}},"21":{"start":{"line":64,"column":2},"end":{"line":66,"column":3}},"22":{"start":{"line":65,"column":4},"end":{"line":65,"column":52}},"23":{"start":{"line":74,"column":28},"end":{"line":78,"column":1}},"24":{"start":{"line":75,"column":2},"end":{"line":77,"column":3}},"25":{"start":{"line":76,"column":4},"end":{"line":76,"column":39}},"26":{"start":{"line":87,"column":23},"end":{"line":97,"column":1}},"27":{"start":{"line":88,"column":17},"end":{"line":88,"column":36}},"28":{"start":{"line":90,"column":2},"end":{"line":94,"column":3}},"29":{"start":{"line":91,"column":4},"end":{"line":93,"column":39}},"30":{"start":{"line":96,"column":2},"end":{"line":96,"column":9}}},"fnMap":{"0":{"name":"validateSignUp","decl":{"start":{"line":14,"column":55},"end":{"line":14,"column":69}},"loc":{"start":{"line":14,"column":103},"end":{"line":33,"column":1}},"line":14},"1":{"name":"validateUserId","decl":{"start":{"line":40,"column":55},"end":{"line":40,"column":69}},"loc":{"start":{"line":40,"column":78},"end":{"line":46,"column":1}},"line":40},"2":{"name":"validateRecipeDetails","decl":{"start":{"line":55,"column":69},"end":{"line":55,"column":90}},"loc":{"start":{"line":55,"column":121},"end":{"line":67,"column":1}},"line":55},"3":{"name":"validateReviewContent","decl":{"start":{"line":74,"column":69},"end":{"line":74,"column":90}},"loc":{"start":{"line":74,"column":100},"end":{"line":78,"column":1}},"line":74},"4":{"name":"validateRecipeId","decl":{"start":{"line":87,"column":59},"end":{"line":87,"column":75}},"loc":{"start":{"line":87,"column":92},"end":{"line":97,"column":1}},"line":87}},"branchMap":{"0":{"loc":{"start":{"line":16,"column":2},"end":{"line":18,"column":3}},"type":"if","locations":[{"start":{"line":16,"column":2},"end":{"line":18,"column":3}},{"start":{"line":16,"column":2},"end":{"line":18,"column":3}}],"line":16},"1":{"loc":{"start":{"line":16,"column":6},"end":{"line":16,"column":44}},"type":"binary-expr","locations":[{"start":{"line":16,"column":6},"end":{"line":16,"column":21}},{"start":{"line":16,"column":25},"end":{"line":16,"column":44}}],"line":16},"2":{"loc":{"start":{"line":20,"column":2},"end":{"line":22,"column":3}},"type":"if","locations":[{"start":{"line":20,"column":2},"end":{"line":22,"column":3}},{"start":{"line":20,"column":2},"end":{"line":22,"column":3}}],"line":20},"3":{"loc":{"start":{"line":24,"column":2},"end":{"line":26,"column":3}},"type":"if","locations":[{"start":{"line":24,"column":2},"end":{"line":26,"column":3}},{"start":{"line":24,"column":2},"end":{"line":26,"column":3}}],"line":24},"4":{"loc":{"start":{"line":28,"column":2},"end":{"line":30,"column":3}},"type":"if","locations":[{"start":{"line":28,"column":2},"end":{"line":30,"column":3}},{"start":{"line":28,"column":2},"end":{"line":30,"column":3}}],"line":28},"5":{"loc":{"start":{"line":41,"column":2},"end":{"line":43,"column":3}},"type":"if","locations":[{"start":{"line":41,"column":2},"end":{"line":43,"column":3}},{"start":{"line":41,"column":2},"end":{"line":43,"column":3}}],"line":41},"6":{"loc":{"start":{"line":56,"column":2},"end":{"line":58,"column":3}},"type":"if","locations":[{"start":{"line":56,"column":2},"end":{"line":58,"column":3}},{"start":{"line":56,"column":2},"end":{"line":58,"column":3}}],"line":56},"7":{"loc":{"start":{"line":60,"column":2},"end":{"line":62,"column":3}},"type":"if","locations":[{"start":{"line":60,"column":2},"end":{"line":62,"column":3}},{"start":{"line":60,"column":2},"end":{"line":62,"column":3}}],"line":60},"8":{"loc":{"start":{"line":64,"column":2},"end":{"line":66,"column":3}},"type":"if","locations":[{"start":{"line":64,"column":2},"end":{"line":66,"column":3}},{"start":{"line":64,"column":2},"end":{"line":66,"column":3}}],"line":64},"9":{"loc":{"start":{"line":75,"column":2},"end":{"line":77,"column":3}},"type":"if","locations":[{"start":{"line":75,"column":2},"end":{"line":77,"column":3}},{"start":{"line":75,"column":2},"end":{"line":77,"column":3}}],"line":75},"10":{"loc":{"start":{"line":90,"column":2},"end":{"line":94,"column":3}},"type":"if","locations":[{"start":{"line":90,"column":2},"end":{"line":94,"column":3}},{"start":{"line":90,"column":2},"end":{"line":94,"column":3}}],"line":90}},"s":{"0":1,"1":1,"2":17,"3":17,"4":2,"5":15,"6":1,"7":14,"8":3,"9":11,"10":2,"11":9,"12":1,"13":3,"14":1,"15":2,"16":1,"17":12,"18":1,"19":11,"20":1,"21":10,"22":1,"23":1,"24":7,"25":2,"26":1,"27":15,"28":15,"29":0,"30":15},"f":{"0":17,"1":3,"2":12,"3":7,"4":15},"b":{"0":[2,15],"1":[17,16],"2":[1,14],"3":[3,11],"4":[2,9],"5":[1,2],"6":[1,11],"7":[1,10],"8":[1,9],"9":[2,5],"10":[0,15]},"_coverageSchema":"332fd63041d2c1bcb487cc26dd0d5f7d97098a6c","hash":"575400e5cd42291deca501725a5742ed97b7bb7d","contentHash":"df623124cdff0a26e5b15c10f01b6ba5_11.1.0"},"/home/larrystone/Documents/BC-26-More-Recipes/server/controllers/recipes.js":{"path":"/home/larrystone/Documents/BC-26-More-Recipes/server/controllers/recipes.js","statementMap":{"0":{"start":{"line":3,"column":0},"end":{"line":5,"column":3}},"1":{"start":{"line":7,"column":19},"end":{"line":7,"column":563}},"2":{"start":{"line":7,"column":76},"end":{"line":7,"column":347}},"3":{"start":{"line":7,"column":134},"end":{"line":7,"column":142}},"4":{"start":{"line":7,"column":144},"end":{"line":7,"column":199}},"5":{"start":{"line":7,"column":200},"end":{"line":7,"column":231}},"6":{"start":{"line":7,"column":232},"end":{"line":7,"column":286}},"7":{"start":{"line":7,"column":259},"end":{"line":7,"column":286}},"8":{"start":{"line":7,"column":287},"end":{"line":7,"column":345}},"9":{"start":{"line":7,"column":350},"end":{"line":7,"column":559}},"10":{"start":{"line":7,"column":407},"end":{"line":7,"column":475}},"11":{"start":{"line":7,"column":423},"end":{"line":7,"column":475}},"12":{"start":{"line":7,"column":476},"end":{"line":7,"column":536}},"13":{"start":{"line":7,"column":493},"end":{"line":7,"column":536}},"14":{"start":{"line":7,"column":537},"end":{"line":7,"column":556}},"15":{"start":{"line":9,"column":14},"end":{"line":9,"column":34}},"16":{"start":{"line":11,"column":15},"end":{"line":11,"column":46}},"17":{"start":{"line":13,"column":16},"end":{"line":13,"column":49}},"18":{"start":{"line":15,"column":15},"end":{"line":15,"column":49}},"19":{"start":{"line":17,"column":20},"end":{"line":17,"column":45}},"20":{"start":{"line":19,"column":13},"end":{"line":19,"column":51}},"21":{"start":{"line":21,"column":40},"end":{"line":21,"column":267}},"22":{"start":{"line":21,"column":69},"end":{"line":21,"column":80}},"23":{"start":{"line":21,"column":103},"end":{"line":21,"column":105}},"24":{"start":{"line":21,"column":107},"end":{"line":21,"column":228}},"25":{"start":{"line":21,"column":126},"end":{"line":21,"column":226}},"26":{"start":{"line":21,"column":149},"end":{"line":21,"column":224}},"27":{"start":{"line":21,"column":201},"end":{"line":21,"column":224}},"28":{"start":{"line":21,"column":229},"end":{"line":21,"column":250}},"29":{"start":{"line":21,"column":251},"end":{"line":21,"column":265}},"30":{"start":{"line":23,"column":39},"end":{"line":23,"column":93}},"31":{"start":{"line":25,"column":50},"end":{"line":25,"column":151}},"32":{"start":{"line":25,"column":92},"end":{"line":25,"column":149}},"33":{"start":{"line":27,"column":13},"end":{"line":27,"column":36}},"34":{"start":{"line":28,"column":22},"end":{"line":30,"column":1}},"35":{"start":{"line":29,"column":2},"end":{"line":29,"column":44}},"36":{"start":{"line":39,"column":13},"end":{"line":328,"column":3}},"37":{"start":{"line":41,"column":4},"end":{"line":41,"column":34}},"38":{"start":{"line":44,"column":2},"end":{"line":325,"column":6}},"39":{"start":{"line":56,"column":17},"end":{"line":56,"column":47}},"40":{"start":{"line":57,"column":24},"end":{"line":57,"column":61}},"41":{"start":{"line":58,"column":22},"end":{"line":58,"column":57}},"42":{"start":{"line":60,"column":32},"end":{"line":60,"column":92}},"43":{"start":{"line":62,"column":6},"end":{"line":66,"column":7}},"44":{"start":{"line":63,"column":8},"end":{"line":65,"column":42}},"45":{"start":{"line":68,"column":6},"end":{"line":88,"column":9}},"46":{"start":{"line":74,"column":8},"end":{"line":83,"column":11}},"47":{"start":{"line":85,"column":8},"end":{"line":87,"column":46}},"48":{"start":{"line":90,"column":6},"end":{"line":90,"column":18}},"49":{"start":{"line":105,"column":19},"end":{"line":105,"column":29}},"50":{"start":{"line":106,"column":21},"end":{"line":106,"column":45}},"51":{"start":{"line":107,"column":17},"end":{"line":107,"column":47}},"52":{"start":{"line":108,"column":24},"end":{"line":108,"column":61}},"53":{"start":{"line":109,"column":22},"end":{"line":109,"column":40}},"54":{"start":{"line":111,"column":32},"end":{"line":111,"column":102}},"55":{"start":{"line":113,"column":6},"end":{"line":117,"column":7}},"56":{"start":{"line":114,"column":8},"end":{"line":116,"column":42}},"57":{"start":{"line":119,"column":6},"end":{"line":153,"column":9}},"58":{"start":{"line":120,"column":8},"en
[...]
n":3}},"line":66},"10":{"name":"(anonymous_10)","decl":{"start":{"line":69,"column":11},"end":{"line":69,"column":12}},"loc":{"start":{"line":69,"column":31},"end":{"line":76,"column":5}},"line":69},"11":{"name":"(anonymous_11)","decl":{"start":{"line":79,"column":42},"end":{"line":79,"column":43}},"loc":{"start":{"line":79,"column":58},"end":{"line":87,"column":3}},"line":79},"12":{"name":"(anonymous_12)","decl":{"start":{"line":83,"column":11},"end":{"line":83,"column":12}},"loc":{"start":{"line":83,"column":31},"end":{"line":86,"column":5}},"line":83},"13":{"name":"(anonymous_13)","decl":{"start":{"line":89,"column":42},"end":{"line":89,"column":43}},"loc":{"start":{"line":89,"column":58},"end":{"line":97,"column":3}},"line":89},"14":{"name":"(anonymous_14)","decl":{"start":{"line":93,"column":11},"end":{"line":93,"column":12}},"loc":{"start":{"line":93,"column":31},"end":{"line":96,"column":5}},"line":93},"15":{"name":"(anonymous_15)","decl":{"start":{"line":99,"column":42},"end":{"line":99,"column":43}},"loc":{"start":{"line":99,"column":58},"end":{"line":107,"column":3}},"line":99},"16":{"name":"(anonymous_16)","decl":{"start":{"line":103,"column":11},"end":{"line":103,"column":12}},"loc":{"start":{"line":103,"column":31},"end":{"line":106,"column":5}},"line":103},"17":{"name":"(anonymous_17)","decl":{"start":{"line":109,"column":42},"end":{"line":109,"column":43}},"loc":{"start":{"line":109,"column":58},"end":{"line":117,"column":3}},"line":109},"18":{"name":"(anonymous_18)","decl":{"start":{"line":113,"column":11},"end":{"line":113,"column":12}},"loc":{"start":{"line":113,"column":31},"end":{"line":116,"column":5}},"line":113},"19":{"name":"(anonymous_19)","decl":{"start":{"line":119,"column":42},"end":{"line":119,"column":43}},"loc":{"start":{"line":119,"column":58},"end":{"line":127,"column":3}},"line":119},"20":{"name":"(anonymous_20)","decl":{"start":{"line":123,"column":11},"end":{"line":123,"column":12}},"loc":{"start":{"line":123,"column":31},"end":{"line":126,"column":5}},"line":123},"21":{"name":"(anonymous_21)","decl":{"start":{"line":130,"column":46},"end":{"line":130,"column":47}},"loc":{"start":{"line":130,"column":58},"end":{"line":137,"column":1}},"line":130},"22":{"name":"(anonymous_22)","decl":{"start":{"line":131,"column":42},"end":{"line":131,"column":43}},"loc":{"start":{"line":131,"column":58},"end":{"line":136,"column":3}},"line":131},"23":{"name":"(anonymous_23)","decl":{"start":{"line":132,"column":157},"end":{"line":132,"column":158}},"loc":{"start":{"line":132,"column":177},"end":{"line":135,"column":5}},"line":132}},"branchMap":{"0":{"loc":{"start":{"line":15,"column":46},"end":{"line":15,"column":92}},"type":"cond-expr","locations":[{"start":{"line":15,"column":70},"end":{"line":15,"column":73}},{"start":{"line":15,"column":76},"end":{"line":15,"column":92}}],"line":15},"1":{"loc":{"start":{"line":15,"column":46},"end":{"line":15,"column":67}},"type":"binary-expr","locations":[{"start":{"line":15,"column":46},"end":{"line":15,"column":49}},{"start":{"line":15,"column":53},"end":{"line":15,"column":67}}],"line":15}},"s":{"0":1,"1":1,"2":1,"3":1,"4":1,"5":1,"6":3,"7":1,"8":1,"9":1,"10":1,"11":1,"12":1,"13":1,"14":1,"15":1,"16":1,"17":1,"18":1,"19":1,"20":1,"21":1,"22":1,"23":1,"24":1,"25":1,"26":1,"27":1,"28":1,"29":1,"30":1,"31":1,"32":1,"33":1,"34":1,"35":1,"36":1,"37":1,"38":1,"39":1,"40":1,"41":1,"42":1,"43":1,"44":1,"45":1,"46":1,"47":1,"48":1,"49":1,"50":1,"51":1,"52":1,"53":1,"54":1,"55":1,"56":1,"57":1},"f":{"0":3,"1":1,"2":1,"3":1,"4":1,"5":1,"6":1,"7":1,"8":1,"9":1,"10":1,"11":1,"12":1,"13":1,"14":1,"15":1,"16":1,"17":1,"18":1,"19":1,"20":1,"21":1,"22":1,"23":1},"b":{"0":[1,2],"1":[3,3]},"_coverageSchema":"332fd63041d2c1bcb487cc26dd0d5f7d97098a6c","hash":"14321876bbfc619790428ff491a83e8caeae960d","contentHash":"4d53dfb03cc5faa614edd4dfdb909a59_11.1.0"},"/home/larrystone/Documents/BC-26-More-Recipes/tests/4-votes.js":{"path":"/home/larrystone/Documents/BC-26-More-Recipes/tests/4-votes.js","statementMap":{"0":{"start":{"line":3,"column":12},"end":{"line":3,"column":27}},"1":{"start":{"line":5,"column":13},"end":{"line":5,"column":42}},"2":{"start":{"line":7,"column":16},"end":{"line":7,"column":36}},"3":{"start":{"line":9,"column":17},"end":{"line":9,"column":50}},"4":{"start":{"line":11,"column":11},"end":{"line":11,"column":37}},"5":{"start":{"line":13,"column":12},"end":{"line":13,"column":40}},"6":{"start":{"line":15,"column":39},"end":{"line":15,"column":93}},"7":{"start":{"line":17,"column":0},"end":{"line":17,"column":39}},"8":{"start":{"line":19,"column":12},"end":{"line":19,"column":18}},"9":{"start":{"line":20,"column":15},"end":{"line":20,"column":21}},"10":{"start":{"line":22,"column":0},"end":{"line":49,"column":3}},"11":{"start":{"line":23,"column":2},"end":{"line":34,"column":5}},"12":{"start":{"line":24,"column":4},"end":{"line":33,"column":7}},"13":{"start":{"line":30,"column":6},"end":{"line":30,"column":34}},"14":{"start":{"line":31,"column":6},"end":{"line":31,"column":54}},"15":{"start":{"line":32,"column":6},"end":{"line":32,"column":13}},"16":{"start":{"line":36,"column":2},"end":{"line":48,"column":5}},"17":{"start":{"line":37,"column":4},"end":{"line":47,"column":7}},"18":{"start":{"line":43,"column":6},"end":{"line":43,"column":34}},"19":{"start":{"line":44,"column":6},"end":{"line":44,"column":54}},"20":{"start":{"line":45,"column":6},"end":{"line":45,"column":57}},"21":{"start":{"line":46,"column":6},"end":{"line":46,"column":13}},"22":{"start":{"line":51,"column":0},"end":{"line":77,"column":3}},"23":{"start":{"line":52,"column":2},"end":{"line":63,"column":5}},"24":{"start":{"line":53,"column":4},"end":{"line":62,"column":7}},"25":{"start":{"line":56,"column":6},"end":{"line":56,"column":54}},"26":{"start":{"line":57,"column":6},"end":{"line":60,"column":9}},"27":{"start":{"line":61,"column":6},"end":{"line":61,"column":13}},"28":{"start":{"line":65,"column":2},"end":{"line":76,"column":5}},"29":{"start":{"line":66,"column":4},"end":{"line":75,"column":7}},"30":{"start":{"line":69,"column":6},"end":{"line":69,"column":54}},"31":{"start":{"line":70,"column":6},"end":{"line":73,"column":9}},"32":{"start":{"line":74,"column":6},"end":{"line":74,"column":13}},"33":{"start":{"line":79,"column":0},"end":{"line":105,"column":3}},"34":{"start":{"line":80,"column":2},"end":{"line":91,"column":5}},"35":{"start":{"line":81,"column":4},"end":{"line":90,"column":7}},"36":{"start":{"line":84,"column":6},"end":{"line":84,"column":54}},"37":{"start":{"line":85,"column":6},"end":{"line":88,"column":9}},"38":{"start":{"line":89,"column":6},"end":{"line":89,"column":13}},"39":{"start":{"line":93,"column":2},"end":{"line":104,"column":5}},"40":{"start":{"line":94,"column":4},"end":{"line":103,"column":7}},"41":{"start":{"line":97,"column":6},"end":{"line":97,"column":54}},"42":{"start":{"line":98,"column":6},"end":{"line":101,"column":9}},"43":{"start":{"line":102,"column":6},"end":{"line":102,"column":13}},"44":{"start":{"line":107,"column":0},"end":{"line":121,"column":3}},"45":{"start":{"line":108,"column":2},"end":{"line":113,"column":5}},"46":{"start":{"line":109,"column":4},"end":{"line":112,"column":7}},"47":{"start":{"line":110,"column":6},"end":{"line":110,"column":54}},"48":{"start":{"line":111,"column":6},"end":{"line":111,"column":13}},"49":{"start":{"line":115,"column":2},"end":{"line":120,"column":5}},"50":{"start":{"line":116,"column":4},"end":{"line":119,"column":7}},"51":{"start":{"line":117,"column":6},"end":{"line":117,"column":54}},"52":{"start":{"line":118,"column":6},"end":{"line":118,"column":13}}},"fnMap":{"0":{"name":"_interopRequireDefault","decl":{"start":{"line":15,"column":9},"end":{"line":15,"column":31}},"loc":{"start":{"line":15,"column":37},"end":{"line":15,"column":95}},"line":15},"1":{"name":"(anonymous_1)","decl":{"start":{"line":22,"column":41},"end":{"line":22,"column":42}},"loc":{"start":{"line":22,"column":53},"end":{"line":49,"column":1}},"line":22},"2":{"name":"(anonymous_2)","decl":{"start":{"line":23,"column":49},"end":{"line":23,"column":50}},"loc":{"start":{"line":23,"column":65},"end":{"line":34,"column":3}},"line":23},"3":{"name":"(anonymous_3)","decl":{"start":{"line":29,"column":11},"end":{"line":29,"column":12}},"loc":{"start":{"line":29,"column":31},"end":{"line":33,"column":5}},"line":29},"4":{"name":"(anonymous_4)","decl":{"start":{"line":36,"column":49},"end":{"line":36,"column":50}},"loc":{"start":{"line":36,"column":65},"end":{"line":48,"column":3}},"line":36},"5":{"name":"(anonymous_5)","decl":{"start":{"line":42,"column":11},"end":{"line":42,"column":12}},"loc":{"start":{"line":42,"column":31},"end":{"line":47,"column":5}},"line":42},"6":{"name":"(anonymous_6)","decl":{"start":{"line":51,"column":37},"end":{"line":51,"column":38}},"loc":{"start":{"line":51,"column":49},"end":{"line":77,"column":1}},"line":51},"7":{"name":"(anonymous_7)","decl":{"start":{"line":52,"column":41},"end":{"line":52,"column":42}},"loc":{"start":{"line":52,"column":57},"end":{"line":63,"column":3}},"line":52},"8":{"name":"(anonymous_8)","decl":{"start":{"line":55,"column":11},"end":{"line":55,"column":12}},"loc":{"start":{"line":55,"column":31},"end":{"line":62,"column":5}},"line":55},"9":{"name":"(anonymous_9)","decl":{"start":{"line":65,"column":49},"end":{"line":65,"column":50}},"loc":{"start":{"line":65,"column":65},"end":{"line":76,"column":3}},"line":65},"10":{"name":"(anonymous_10)","decl":{"start":{"line":68,"column":11},"end":{"line":68,"column":12}},"loc":{"start":{"line":68,"column":31},"end":{"line":75,"column":5}},"line":68},"11":{"name":"(anonymous_11)","decl":{"start":{"line":79,"column":39},"end":{"line":79,"column":40}},"loc":{"start":{"line":79,"column":51},"end":{"line":105,"column":1}},"line":79},"12":{"name":"(anonymous_12)","decl":{"start":{"line":80,"column":43},"end":{"line":80,"column":44}},"loc":{"start":{"line":80,"column":59},"end":{"line":91,"column":3}},"line":80},"13":{"name":"(anonymous_13)","decl":{"start":{"line":83,"column":11},"end":{"line":83,"column":12}},"loc":{"start":{"line":83,"column":31},"end":{"line":90,"column":5}},"line":83},"14":{"name":"(anonymous_14)","decl":{"start":{"line":93,"column":51},"end":{"line":93,"column":52}},"loc":{"start":{"line":93,"column":67},"end":{"line":104,"column":3}},"line":93},"15":{"name":"(anonymous_15)","decl":{"start":{"line":96,"column":11},"end":{"line":96,"column":12}},"loc":{"start":{"line":96,"column":31},"end":{"line":103,"column":5}},"line":96},"16":{"name":"(anonymous_16)","decl":{"start":{"line":107,"column":50},"end":{"line":107,"column":51}},"loc":{"start":{"line":107,"column":62},"end":{"line":121,"column":1}},"line":107},"17":{"name":"(anonymous_17)","decl":{"start":{"line":108,"column":39},"end":{"line":108,"column":40}},"loc":{"start":{"line":108,"column":55},"end":{"line":113,"column":3}},"line":108},"18":{"name":"(anonymous_18)","decl":{"start":{"line":109,"column":157},"end":{"line":109,"column":158}},"loc":{"start":{"line":109,"column":177},"end":{"line":112,"column":5}},"line":109},"19":{"name":"(anonymous_19)","decl":{"start":{"line":115,"column":41},"end":{"line":115,"column":42}},"loc":{"start":{"line":115,"column":57},"end":{"line":120,"column":3}},"line":115},"20":{"name":"(anonymous_20)","decl":{"start":{"line":116,"column":159},"end":{"line":116,"column":160}},"loc":{"start":{"line":116,"column":179},"end":{"line":119,"column":5}},"line":116}},"branchMap":{"0":{"loc":{"start":{"line":15,"column":46},"end":{"line":15,"column":92}},"type":"cond-expr","locations":[{"start":{"line":15,"column":70},"end":{"line":15,"column":73}},{"start":{"line":15,"column":76},"end":{"line":15,"column":92}}],"line":15},"1":{"loc":{"start":{"line":15,"column":46},"end":{"line":15,"column":67}},"type":"binary-expr","locations":[{"start":{"line":15,"column":46},"end":{"line":15,"column":49}},{"start":{"line":15,"column":53},"end":{"line":15,"column":67}}],"line":15}},"s":{"0":1,"1":1,"2":1,"3":1,"4":1,"5":1,"6":3,"7":1,"8":1,"9":1,"10":1,"11":1,"12":1,"13":1,"14":1,"15":1,"16":1,"17":1,"18":1,"19":1,"20":1,"21":1,"22":1,"23":1,"24":1,"25":1,"26":1,"27":1,"28":1,"29":1,"30":1,"31":1,"32":1,"33":1,"34":1,"35":1,"36":1,"37":1,"38":1,"39":1,"40":1,"41":1,"42":1,"43":1,"44":1,"45":1,"46":1,"47":1,"48":1,"49":1,"50":1,"51":1,"52":1},"f":{"0":3,"1":1,"2":1,"3":1,"4":1,"5":1,"6":1,"7":1,"8":1,"9":1,"10":1,"11":1,"12":1,"13":1,"14":1,"15":1,"16":1,"17":1,"18":1,"19":1,"20":1},"b":{"0":[1,2],"1":[3,3]},"_coverageSchema":"332fd63041d2c1bcb487cc26dd0d5f7d97098a6c","hash":"8e573789cf9c6a8c46bc8a3271c2163bc232e459","contentHash":"f2a43a65e1e95ed2cb1ceb31974b6bed_11.1.0"},"/home/larrystone/Documents/BC-26-More-Recipes/tests/5-favorites.js":{"path":"/home/larrystone/Documents/BC-26-More-Recipes/tests/5-favorites.js","statementMap":{"0":{"start":{"line":3,"column":12},"end":{"line":3,"column":27}},"1":{"start":{"line":5,"column":13},"end":{"line":5,"column":42}},"2":{"start":{"line":7,"column":16},"end":{"line":7,"column":36}},"3":{"start":{"line":9,"column":17},"end":{"line":9,"column":50}},"4":{"start":{"line":11,"column":11},"end":{"line":11,"column":37}},"5":{"start":{"line":13,"column":12},"end":{"line":13,"column":40}},"6":{"start":{"line":15,"column":39},"end":{"line":15,"column":93}},"7":{"start":{"line":17,"column":0},"end":{"line":17,"column":39}},"8":{"start":{"line":19,"column":12},"end":{"line":19,"column":18}},"9":{"start":{"line":20,"column":15},"end":{"line":20,"column":21}},"10":{"start":{"line":21,"column":13},"end":{"line":21,"column":19}},"11":{"start":{"line":23,"column":0},"end":{"line":51,"column":3}},"12":{"start":{"line":24,"column":2},"end":{"line":36,"column":5}},"13":{"start":{"line":25,"column":4},"end":{"line":35,"column":7}},"14":{"start":{"line":31,"column":6},"end":{"line":31,"column":34}},"15":{"start":{"line":32,"column":6},"end":{"line":32,"column":36}},"16":{"start":{"line":33,"column":6},"end":{"line":33,"column":54}},"17":{"start":{"line":34,"column":6},"end":{"line":34,"column":13}},"18":{"start":{"line":38,"column":2},"end":{"line":50,"column":5}},"19":{"start":{"line":39,"column":4},"end":{"line":49,"column":7}},"20":{"start":{"line":45,"column":6},"end":{"line":45,"column":34}},"21":{"start":{"line":46,"column":6},"end":{"line":46,"column":54}},"22":{"start":{"line":47,"column":6},"end":{"line":47,"column":57}},"23":{"start":{"line":48,"column":6},"end":{"line":48,"column":13}},"24":{"start":{"line":53,"column":0},"end":{"line":78,"column":3}},"25":{"start":{"line":54,"column":2},"end":{"line":68,"column":5}},"26":{"start":{"line":55,"column":4},"end":{"line":67,"column":7}},"27":{"start":{"line":61,"column":6},"end":{"line":61,"column":54}},"28":{"start":{"line":62,"column":6},"end":{"line":65,"column":9}},"29":{"start":{"line":66,"column":6},"end":{"line":66,"column":13}},"30":{"start":{"line":70,"column":2},"end":{"line":77,"column":5}},"31":{"start":{"line":71,"column":4},"end":{"line":76,"column":7}},"32":{"start":{"line":74,"column":6},"end":{"line":74,"column":54}},"33":{"start":{"line":75,"column":6},"end":{"line":75,"column":13}},"34":{"start":{"line":80,"column":0},"end":{"line":87,"column":3}},"35":{"start":{"line":81,"column":2},"end":{"line":86,"column":5}},"36":{"start":{"line":82,"column":4},"end":{"line":85,"column":7}},"37":{"start":{"line":83,"column":6},"end":{"line":83,"column":54}},"38":{"start":{"line":84,"column":6},"end":{"line":84,"column":13}},"39":{"start":{"line":89,"column":0},"end":{"line":96,"column":3}},"40":{"start":{"line":90,"column":2},"end":{"line":95,"column":5}},"41":{"start":{"line":91,"column":4},"end":{"line":94,"column":7}},"42":{"start":{"line":92,"column":6},"end":{"line":92,"column":54}},"43":{"start":{"line":93,"column":6},"end":{"line":93,"column":13}}},"fnMap":{"0":{"name":"_interopRequireDefault","decl":{"start":{"line":15,"column":9},"end":{"line":15,"column":31}},"loc":{"start":{"line":15,"column":37},"end":{"line":15,"column":95}},"line":15},"1":{"name":"(anonymous_1)","decl":{"start":{"line":23,"column":41},"end":{"line":23,"column":42}},"loc":{"start":{"line":23,"column":53},"end":{"line":51,"column":1}},"line":23},"2":{"name":"(anonymous_2)","decl":{"start":{"line":24,"column":49},"end":{"line":24,"column":50}},"loc":{"start":{"line":24,"column":65},"end":{"line":36,"column":3}},"line":24},"3":{"name":"(anonymous_3)","decl":{"start":{"line":30,"column":11},"end":{"line":30,"column":12}},"loc":{"start":{"line":30,"column":31},"end":{"line":35,"column":5}},"line":30},"4":{"name":"(anonymous_4)","decl":{"start":{"line":38,"column":49},"end":{"line":38,"column":50}},"loc":{"start":{"line":38,"column":65},"end":{"line":50,"column":3}},"line":38},"5":{"name":"(anonymous_5)","decl":{"start":{"line":44,"column":11},"end":{"line":44,"column":12}},"loc":{"start":{"line":44,"column":31},"end":{"line":49,"column":5}},"line":44},"6":{"name":"(anonymous_6)","decl":{"start":{"line":53,"column":47},"end":{"line":53,"column":48}},"loc":{"start":{"line":53,"column":59},"end":{"line":78,"column":1}},"line":53},"7":{"name":"(anonymous_7)","decl":{"start":{"line":54,"column":43},"end":{"line":54,"column":44}},"loc":{"start":{"line":54,"column":59},"end":{"line":68,"column":3}},"line":54},"8":{"name":"(anonymous_8)","decl":{"start":{"line":60,"column":11},"end":{"line":60,"column":12}},"loc":{"start":{"line":60,"column":31},"end":{"line":67,"column":5}},"line":60},"9":{"name":"(anonymous_9)","decl":{"start":{"line":70,"column":60},"end":{"line":70,"column":61}},"loc":{"start":{"line":70,"column":76},"end":{"line":77,"column":3}},"line":70},"10":{"name":"(anonymous_10)","decl":{"start":{"line":73,"column":11},"end":{"line":73,"column":12}},"loc":{"start":{"line":73,"column":31},"end":{"line":76,"column":5}},"line":73},"11":{"name":"(anonymous_11)","decl":{"start":{"line":80,"column":52},"end":{"line":80,"column":53}},"loc":{"start":{"line":80,"column":64},"end":{"line":87,"column":1}},"line":80},"12":{"name":"(anonymous_12)","decl":{"start":{"line":81,"column":65},"end":{"line":81,"column":66}},"loc":{"start":{"line":81,"column":81},"end":{"line":86,"column":3}},"line":81},"13":{"name":"(anonymous_13)","decl":{"start":{"line":82,"column":168},"end":{"line":82,"column":169}},"loc":{"start":{"line":82,"column":188},"end":{"line":85,"column":5}},"line":82},"14":{"name":"(anonymous_14)","decl":{"start":{"line":89,"column":47},"end":{"line":89,"column":48}},"loc":{"start":{"line":89,"column":59},"end":{"line":96,"column":1}},"line":89},"15":{"name":"(anonymous_15)","decl":{"start":{"line":90,"column":65},"end":{"line":90,"column":66}},"loc":{"start":{"line":90,"column":81},"end":{"line":95,"column":3}},"line":90},"16":{"name":"(anonymous_16)","decl":{"start":{"line":91,"column":153},"end":{"line":91,"column":154}},"loc":{"start":{"line":91,"column":173},"end":{"line":94,"column":5}},"line":91}},"branchMap":{"0":{"loc":{"start":{"line":15,"column":46},"end":{"line":15,"column":92}},"type":"cond-expr","locations":[{"start":{"line":15,"column":70},"end":{"line":15,"column":73}},{"start":{"line":15,"column":76},"end":{"line":15,"column":92}}],"line":15},"1":{"loc":{"start":{"line":15,"column":46},"end":{"line":15,"column":67}},"type":"binary-expr","locations":[{"start":{"line":15,"column":46},"end":{"line":15,"column":49}},{"start":{"line":15,"column":53},"end":{"line":15,"column":67}}],"line":15}},"s":{"0":1,"1":1,"2":1,"3":1,"4":1,"5":1,"6":3,"7":1,"8":1,"9":1,"10":1,"11":1,"12":1,"13":1,"14":1,"15":1,"16":1,"17":1,"18":1,"19":1,"20":1,"21":1,"22":1,"23":1,"24":1,"25":1,"26":1,"27":1,"28":1,"29":1,"30":1,"31":1,"32":1,"33":1,"34":1,"35":1,"36":1,"37":1,"38":1,"39":1,"40":1,"41":1,"42":1,"43":1},"f":{"0":3,"1":1,"2":1,"3":1,"4":1,"5":1,"6":1,"7":1,"8":1,"9":1,"10":1,"11":1,"12":1,"13":1,"14":1,"15":1,"16":1},"b":{"0":[1,2],"1":[3,3]},"_coverageSchema":"332fd63041d2c1bcb487cc26dd0d5f7d97098a6c","hash":"19441a5e62439af1547a8b5d8f55d5f72e595306","contentHash":"0f9f6dd3ed0f33d3d7a1450bb6485fcf_11.1.0"}}